SF:lib/core/location/compass_state.dart
DA:8,6
DA:10,0
DA:14,0
LF:3
LH:1
end_of_record
SF:lib/core/location/location_state.dart
DA:10,6
DA:11,3
DA:18,0
DA:20,0
DA:21,0
DA:28,0
DA:30,0
DA:31,0
DA:36,0
DA:41,0
DA:42,0
DA:47,0
DA:52,0
DA:53,0
DA:54,0
DA:55,0
DA:60,0
DA:65,0
DA:72,0
DA:77,0
DA:78,0
DA:79,0
DA:81,0
DA:82,0
DA:86,0
DA:88,0
DA:93,0
DA:94,0
DA:95,0
DA:99,0
DA:100,0
DA:105,0
DA:108,0
DA:109,0
LF:34
LH:2
end_of_record
SF:lib/features/map_view/widgets/mode_indicator.dart
DA:18,2
DA:20,2
DA:22,4
DA:23,4
DA:24,6
DA:25,4
DA:27,2
DA:29,4
DA:35,4
DA:36,2
DA:38,2
DA:42,2
DA:44,2
DA:46,2
DA:47,2
DA:52,1
DA:54,2
DA:56,2
DA:58,2
DA:59,2
DA:62,2
DA:63,0
DA:64,2
DA:66,2
DA:67,0
DA:68,0
DA:70,0
DA:71,0
DA:74,0
DA:76,1
DA:79,2
DA:80,2
DA:82,0
DA:83,0
DA:92,1
DA:94,4
DA:95,1
DA:104,2
DA:110,2
DA:112,4
DA:113,2
DA:114,4
DA:115,2
DA:119,4
DA:120,4
DA:121,7
DA:122,2
DA:124,4
DA:130,2
DA:131,0
DA:132,0
DA:135,0
DA:136,0
DA:137,0
DA:138,0
DA:140,0
DA:144,0
DA:147,6
DA:148,4
DA:151,2
DA:152,2
DA:154,2
DA:155,2
DA:157,2
DA:159,4
DA:163,2
DA:165,4
DA:167,4
DA:171,2
DA:173,4
DA:174,4
DA:177,2
DA:179,1
DA:180,4
DA:181,2
DA:184,4
DA:192,2
DA:194,10
DA:195,2
DA:209,2
DA:217,2
DA:219,4
DA:221,2
DA:223,2
DA:224,8
DA:226,2
DA:227,2
DA:228,4
DA:229,4
DA:232,2
DA:234,2
DA:235,2
DA:238,4
DA:244,4
DA:245,0
DA:246,0
DA:247,0
DA:248,0
LF:98
LH:78
end_of_record
SF:lib/features/map_view/widgets/pin_options_sheet.dart
DA:33,2
DA:44,2
DA:45,2
DA:49,8
DA:54,1
DA:55,5
DA:56,2
DA:59,2
DA:61,2
DA:62,4
DA:65,2
DA:67,2
DA:68,10
DA:69,6
DA:70,4
DA:71,2
DA:76,2
DA:77,2
DA:78,2
DA:79,6
DA:87,2
DA:88,2
DA:90,2
DA:91,2
DA:94,2
DA:96,2
DA:97,2
DA:98,4
DA:102,2
DA:105,2
DA:107,4
DA:108,2
DA:115,2
DA:117,2
DA:119,2
DA:120,2
DA:122,4
DA:123,1
DA:124,1
DA:125,5
DA:128,2
DA:132,0
DA:133,0
DA:134,0
DA:137,2
DA:139,4
DA:140,1
DA:141,1
DA:142,3
DA:145,2
DA:147,6
DA:148,2
DA:149,2
DA:150,2
DA:151,2
DA:152,4
DA:153,6
DA:155,6
DA:171,2
DA:172,2
DA:174,2
DA:176,2
DA:177,2
DA:180,2
DA:181,8
DA:184,2
DA:197,2
DA:203,2
DA:205,4
DA:206,4
DA:207,2
DA:208,2
DA:209,2
DA:210,2
DA:213,2
DA:214,2
DA:215,4
DA:217,2
DA:218,2
DA:220,2
DA:221,2
DA:224,2
DA:228,2
DA:230,2
DA:231,4
DA:238,2
DA:240,4
DA:241,0
DA:248,2
DA:249,2
DA:250,3
DA:251,6
DA:253,2
DA:254,2
DA:257,2
DA:258,2
DA:259,1
DA:260,1
DA:261,1
DA:262,2
DA:263,2
DA:264,2
DA:265,0
DA:266,1
DA:267,4
DA:268,0
DA:270,2
DA:273,2
DA:275,1
DA:276,1
DA:277,0
DA:278,0
DA:279,0
DA:282,0
DA:283,0
DA:284,0
DA:287,2
DA:288,10
DA:291,1
DA:298,2
DA:299,1
DA:300,2
DA:301,0
DA:302,0
DA:303,0
LF:125
LH:110
end_of_record
SF:lib/features/search/data/reverse_geocoder.dart
DA:22,0
DA:23,0
DA:26,0
DA:27,0
DA:30,0
DA:31,0
DA:34,0
DA:35,0
DA:38,0
DA:42,0
DA:43,0
DA:50,6
DA:51,0
DA:52,0
DA:53,0
DA:54,0
DA:55,0
DA:56,0
DA:69,2
DA:70,2
DA:71,4
DA:72,4
DA:77,8
DA:79,2
DA:81,2
DA:82,10
DA:83,10
DA:85,2
DA:86,10
DA:93,4
DA:94,4
DA:95,2
DA:96,8
LF:33
LH:16
end_of_record
SF:lib/app/l10n/app_localizations.dart
DA:5,29
DA:9,27
DA:10,27
DA:491,58
DA:493,1
DA:494,5
DA:495,5
DA:496,1
DA:497,1
DA:498,1
DA:499,1
DA:500,1
DA:501,1
DA:502,1
DA:503,1
DA:504,1
DA:505,0
DA:506,0
DA:507,0
DA:508,0
DA:509,0
DA:510,0
DA:511,0
DA:512,0
DA:513,1
DA:515,1
DA:516,2
DA:517,1
DA:518,1
DA:519,1
DA:520,1
DA:521,1
DA:522,2
DA:523,1
DA:524,1
DA:525,1
DA:526,1
DA:527,1
DA:528,1
DA:529,0
DA:530,0
DA:532,0
DA:533,0
DA:534,0
DA:535,0
DA:536,0
DA:537,0
DA:538,4
DA:540,0
DA:541,0
DA:542,0
DA:543,1
DA:544,0
DA:545,0
DA:546,1
DA:547,0
DA:548,0
DA:549,0
DA:550,0
DA:551,0
DA:552,1
DA:553,2
DA:554,0
DA:555,0
DA:556,0
DA:557,0
DA:558,0
DA:559,0
DA:561,0
DA:562,0
DA:563,0
DA:564,0
DA:565,1
DA:566,0
DA:567,0
DA:568,0
DA:569,0
DA:570,0
DA:571,0
DA:572,0
DA:573,0
DA:574,0
DA:575,0
DA:576,0
DA:577,0
DA:578,0
DA:579,1
DA:581,0
DA:582,1
DA:583,1
DA:584,1
DA:585,1
DA:586,1
DA:587,1
DA:589,4
DA:590,4
DA:591,4
DA:592,0
DA:593,4
DA:594,1
DA:595,1
DA:596,4
DA:597,1
DA:598,1
DA:599,1
DA:600,0
DA:601,0
DA:602,0
DA:603,1
DA:604,1
DA:605,1
DA:606,1
DA:607,1
DA:608,0
DA:609,4
DA:610,3
DA:611,0
DA:612,3
DA:613,0
DA:614,3
DA:615,0
DA:616,3
DA:617,0
DA:619,3
DA:620,1
DA:621,1
DA:622,0
DA:623,1
DA:624,0
DA:625,1
DA:626,1
DA:628,2
DA:629,2
DA:631,0
DA:632,0
DA:633,0
DA:634,0
DA:635,0
DA:636,0
DA:637,0
DA:640,0
DA:641,0
DA:642,0
DA:643,0
DA:644,0
DA:645,0
DA:646,0
DA:647,0
DA:648,0
DA:649,0
DA:650,0
DA:651,0
DA:653,0
DA:655,1
DA:656,1
DA:657,1
DA:658,0
DA:660,1
DA:661,0
DA:662,1
DA:663,1
DA:664,1
DA:665,1
DA:666,1
DA:667,1
DA:669,1
DA:670,2
DA:671,1
DA:672,1
DA:673,1
DA:674,1
DA:675,0
DA:676,1
DA:677,1
DA:678,0
DA:679,1
DA:680,0
DA:681,0
DA:682,0
DA:683,2
DA:684,1
DA:685,0
DA:686,0
DA:688,3
DA:689,2
DA:690,0
DA:691,0
DA:692,0
DA:693,0
DA:694,1
DA:695,1
DA:696,1
DA:697,1
DA:699,0
DA:700,1
DA:701,1
DA:702,0
DA:703,1
DA:704,0
DA:705,1
DA:706,1
DA:707,4
DA:708,4
DA:709,4
DA:710,0
DA:711,0
DA:712,0
DA:713,0
DA:715,1
DA:716,1
DA:717,1
DA:718,1
DA:719,0
DA:720,0
DA:721,0
DA:722,0
DA:723,0
DA:724,2
DA:725,1
DA:727,0
DA:728,0
DA:729,0
DA:730,0
DA:731,1
DA:732,0
DA:733,0
DA:734,0
DA:736,0
DA:737,1
DA:738,2
DA:739,2
DA:740,1
DA:741,1
DA:742,1
DA:743,0
DA:744,0
DA:746,2
DA:747,2
DA:748,2
DA:749,2
DA:750,1
DA:751,1
DA:752,4
DA:753,0
DA:754,0
DA:755,0
DA:756,0
DA:757,2
DA:758,1
DA:759,2
DA:760,1
DA:761,1
DA:762,0
DA:764,0
DA:765,0
DA:766,0
DA:767,0
DA:768,0
DA:769,0
DA:770,0
DA:771,0
DA:772,0
DA:773,0
DA:774,3
DA:775,0
DA:776,0
DA:777,0
DA:778,0
DA:779,0
DA:780,0
DA:781,0
DA:782,0
DA:783,0
DA:784,0
DA:785,0
DA:786,0
DA:787,0
DA:788,0
DA:789,0
DA:791,5
DA:792,5
DA:793,0
DA:794,1
DA:795,1
DA:796,0
DA:797,4
DA:798,4
DA:799,2
DA:800,1
DA:801,2
DA:802,2
DA:803,2
DA:804,2
DA:805,0
DA:806,2
DA:807,4
DA:808,4
DA:809,0
DA:810,0
DA:811,0
DA:812,0
DA:813,0
DA:814,0
DA:815,0
DA:818,5
DA:819,2
DA:820,1
DA:821,1
DA:822,0
DA:823,0
DA:824,0
DA:825,0
DA:826,0
DA:827,0
DA:828,0
DA:829,0
DA:830,0
DA:831,0
DA:832,2
DA:833,1
DA:834,1
DA:835,1
DA:836,1
DA:837,1
DA:838,0
DA:839,0
DA:840,2
DA:841,2
DA:842,1
DA:843,0
DA:844,0
DA:845,1
DA:846,0
DA:848,0
DA:849,0
DA:850,0
DA:851,0
DA:852,0
DA:853,0
DA:855,0
DA:856,0
DA:857,0
DA:858,0
DA:859,0
DA:860,0
DA:861,0
DA:862,0
DA:863,0
DA:864,0
DA:866,3
DA:867,0
DA:868,3
DA:869,0
DA:870,3
DA:871,0
DA:872,3
DA:873,0
DA:874,3
DA:875,0
DA:876,3
DA:877,0
DA:878,3
DA:879,0
DA:880,2
DA:881,0
DA:882,2
DA:883,0
DA:884,1
DA:885,0
DA:886,0
DA:887,0
DA:888,0
DA:889,0
DA:890,0
DA:891,0
DA:892,1
DA:893,1
DA:894,1
DA:895,0
DA:896,0
DA:897,0
DA:898,1
DA:899,1
DA:900,0
DA:901,1
DA:902,1
DA:903,1
DA:904,1
DA:905,0
DA:906,0
DA:907,0
DA:908,1
DA:909,1
DA:910,0
DA:911,1
DA:912,0
DA:913,0
DA:914,0
DA:915,1
DA:916,0
DA:918,0
DA:919,0
DA:921,0
DA:922,0
DA:924,0
DA:925,0
DA:926,0
DA:928,1
DA:933,2
DA:935,0
DA:936,0
DA:937,0
DA:938,1
DA:939,1
DA:940,1
DA:941,1
DA:942,1
DA:943,1
DA:944,1
DA:945,1
DA:946,0
DA:947,0
DA:948,0
DA:949,0
DA:950,0
DA:951,0
DA:952,0
DA:953,0
DA:954,0
DA:955,0
DA:957,0
DA:958,0
DA:959,0
DA:960,0
DA:961,0
DA:962,0
DA:963,0
DA:964,0
DA:965,0
DA:966,0
DA:967,0
DA:968,0
DA:969,0
DA:970,0
DA:971,0
DA:972,0
DA:974,0
DA:975,0
DA:976,0
DA:977,0
DA:978,0
DA:979,0
DA:980,0
DA:982,0
DA:983,0
DA:984,0
DA:985,0
DA:986,0
DA:987,0
DA:988,0
DA:989,0
DA:990,0
DA:991,0
DA:992,0
DA:993,0
DA:994,0
DA:995,0
DA:996,0
DA:997,0
DA:998,0
DA:999,0
DA:1000,0
DA:1001,0
DA:1003,0
DA:1004,0
DA:1005,0
DA:1006,0
DA:1007,0
DA:1008,0
DA:1009,0
DA:1010,0
DA:1011,0
DA:1012,0
DA:1013,0
DA:1014,0
DA:1015,0
DA:1016,0
DA:1017,0
DA:1018,0
DA:1019,0
DA:1020,0
DA:1021,0
DA:1023,0
DA:1024,0
DA:1025,0
DA:1026,0
DA:1027,0
DA:1028,0
DA:1029,0
DA:1031,0
DA:1032,0
DA:1033,0
DA:1034,0
DA:1035,0
DA:1036,0
DA:1037,0
DA:1038,0
DA:1039,0
DA:1040,0
DA:1041,0
DA:1042,0
DA:1043,0
DA:1044,0
DA:1045,0
DA:1046,0
DA:1047,0
DA:1048,0
DA:1049,0
DA:1050,0
DA:1051,0
DA:1052,0
DA:1053,0
DA:1054,0
DA:1055,0
DA:1056,0
DA:1057,0
DA:1058,0
DA:1059,0
DA:1061,0
DA:1062,0
DA:1063,0
DA:1064,0
DA:1065,0
DA:1066,0
DA:1067,0
DA:1068,1
DA:1070,0
DA:1071,0
DA:1073,0
DA:1074,0
DA:1075,0
DA:1076,0
DA:1077,0
DA:1078,0
DA:1079,0
DA:1081,0
DA:1082,0
DA:1083,0
DA:1084,0
DA:1085,0
DA:1086,0
DA:1087,0
DA:1088,0
DA:1089,0
DA:1090,0
DA:1091,0
DA:1092,0
DA:1093,0
DA:1094,1
DA:1095,0
DA:1096,1
DA:1097,0
DA:1099,1
DA:1100,0
DA:1101,1
DA:1102,1
DA:1103,1
DA:1104,1
DA:1105,1
DA:1106,1
DA:1108,1
DA:1109,1
DA:1110,0
DA:1111,0
DA:1112,0
DA:1113,0
DA:1114,0
DA:1115,1
DA:1116,1
DA:1117,0
DA:1118,1
DA:1119,0
DA:1120,0
DA:1121,0
DA:1122,0
DA:1123,0
DA:1124,0
DA:1125,0
DA:1127,0
DA:1128,0
DA:1129,0
DA:1130,0
DA:1131,0
DA:1132,0
DA:1133,0
DA:1134,0
DA:1135,0
DA:1136,0
DA:1138,0
DA:1139,0
DA:1140,0
DA:1141,0
DA:1142,0
DA:1143,0
DA:1144,0
DA:1145,0
DA:1146,0
DA:1147,0
DA:1148,0
DA:1149,0
DA:1150,0
DA:1151,0
DA:1152,0
DA:1154,0
DA:1155,0
DA:1156,0
DA:1157,0
DA:1158,0
DA:1159,0
DA:1160,0
DA:1161,0
DA:1162,0
DA:1163,1
DA:1164,0
DA:1166,0
DA:1167,0
DA:1168,0
DA:1169,0
DA:1170,0
DA:1171,0
DA:1172,0
DA:1173,0
DA:1175,0
DA:1176,0
DA:1177,0
DA:1178,0
DA:1179,0
DA:1180,0
DA:1181,0
DA:1182,0
DA:1183,0
DA:1185,0
DA:1186,0
DA:1187,0
DA:1188,0
DA:1189,0
DA:1190,0
DA:1191,0
DA:1192,0
DA:1193,0
DA:1194,0
DA:1195,0
DA:1196,0
DA:1197,0
DA:1198,0
DA:1199,0
DA:1200,0
DA:1201,0
DA:1203,0
DA:1204,0
DA:1205,0
DA:1206,0
DA:1207,0
DA:1208,0
DA:1209,0
DA:1210,0
DA:1211,0
DA:1212,0
DA:1213,0
DA:1214,0
DA:1215,0
DA:1216,0
DA:1217,0
DA:1218,0
DA:1219,0
DA:1220,0
DA:1221,0
DA:1222,0
DA:1223,0
DA:1224,0
DA:1225,0
DA:1226,0
DA:1227,0
DA:1228,0
DA:1230,0
DA:1231,0
DA:1232,0
DA:1233,0
DA:1234,0
DA:1235,0
DA:1236,0
DA:1237,0
DA:1238,0
DA:1239,0
DA:1240,0
DA:1241,0
DA:1242,0
DA:1243,0
DA:1244,0
DA:1245,0
DA:1246,0
DA:1247,0
DA:1248,0
DA:1249,0
DA:1250,0
DA:1251,0
DA:1252,0
DA:1253,0
DA:1254,0
DA:1257,0
DA:1258,0
DA:1259,0
DA:1260,0
DA:1261,0
DA:1262,0
DA:1263,0
DA:1264,0
DA:1265,0
DA:1266,0
DA:1267,0
DA:1268,0
DA:1269,0
DA:1270,0
DA:1271,0
DA:1272,0
DA:1273,0
DA:1274,0
DA:1275,0
DA:1276,0
DA:1277,0
DA:1278,0
DA:1279,0
DA:1280,0
DA:1281,0
DA:1282,0
DA:1283,0
DA:1284,0
DA:1285,0
DA:1287,0
DA:1288,0
DA:1289,0
DA:1290,0
DA:1291,0
DA:1292,0
DA:1294,0
DA:1295,0
DA:1296,0
DA:1297,0
DA:1298,0
DA:1299,0
DA:1300,0
DA:1301,0
DA:1302,0
DA:1303,0
DA:1305,0
DA:1306,0
DA:1307,0
DA:1308,0
DA:1309,0
DA:1310,0
DA:1311,0
DA:1312,0
DA:1313,0
DA:1314,0
DA:1315,0
DA:1316,0
DA:1317,0
DA:1318,0
DA:1319,0
DA:1320,0
DA:1321,0
DA:1322,0
DA:1323,0
DA:1324,0
DA:1325,0
DA:1326,0
DA:1327,0
DA:1328,0
DA:1329,0
DA:1330,0
DA:1331,0
DA:1332,0
DA:1333,0
DA:1334,0
DA:1335,0
DA:1336,0
DA:1337,0
DA:1338,0
DA:1339,0
DA:1340,0
DA:1341,0
DA:1342,0
DA:1343,0
DA:1344,0
DA:1345,0
DA:1346,0
DA:1347,0
DA:1348,0
DA:1349,0
DA:1350,0
DA:1351,0
DA:1352,0
DA:1353,0
DA:1354,0
DA:1355,0
DA:1357,0
DA:1358,0
DA:1360,0
DA:1361,0
DA:1363,0
DA:1364,0
DA:1365,0
DA:1367,0
DA:1373,2
DA:1375,29
DA:1377,87
DA:1379,29
DA:1381,29
DA:1382,29
DA:1383,1
DA:1386,29
DA:1390,1
DA:1396,48
LF:823
LH:221
end_of_record
SF:lib/core/data/database_provider.dart
DA:29,33
DA:31,0
DA:32,0
DA:33,0
DA:36,0
DA:37,0
DA:45,0
DA:46,0
DA:51,0
DA:65,0
DA:66,0
DA:67,0
DA:70,0
DA:91,0
DA:106,0
DA:109,0
DA:122,0
DA:123,0
DA:126,0
DA:134,0
DA:161,0
DA:162,0
DA:165,0
DA:176,0
DA:192,0
DA:193,0
DA:203,0
DA:206,0
DA:215,0
DA:220,0
DA:231,0
DA:241,0
DA:254,0
DA:256,0
DA:263,0
DA:277,0
DA:287,0
DA:290,0
DA:291,0
DA:293,0
DA:294,0
DA:295,0
DA:296,0
DA:297,0
DA:298,0
DA:299,0
DA:300,0
DA:301,0
DA:302,0
DA:303,0
DA:304,0
DA:305,0
DA:306,0
DA:307,0
DA:308,0
DA:309,0
DA:310,0
DA:311,0
DA:312,0
DA:313,0
DA:314,0
DA:322,0
DA:323,0
DA:336,0
DA:338,0
DA:341,0
DA:351,0
DA:364,0
DA:365,0
DA:366,0
DA:367,0
DA:368,0
DA:369,0
DA:372,0
DA:373,0
DA:375,0
DA:376,0
DA:378,0
DA:379,0
DA:381,0
DA:388,0
DA:389,0
DA:390,0
DA:391,0
DA:392,0
DA:393,0
DA:395,0
DA:396,0
DA:398,0
DA:399,0
DA:401,0
DA:404,0
DA:405,0
DA:406,0
DA:407,0
DA:408,0
DA:411,0
DA:412,0
DA:414,0
DA:415,0
DA:417,0
DA:418,0
DA:420,0
DA:423,0
DA:433,0
DA:434,0
DA:445,0
DA:449,0
DA:450,0
DA:451,0
DA:452,0
DA:453,0
DA:454,0
DA:459,0
DA:461,0
DA:470,0
DA:474,0
DA:475,0
DA:476,0
DA:477,0
DA:478,0
DA:479,0
DA:481,0
DA:482,0
DA:484,0
DA:485,0
DA:487,0
DA:488,0
DA:490,0
DA:491,0
DA:495,0
DA:496,0
DA:507,0
DA:517,0
DA:520,0
DA:521,0
DA:522,0
DA:523,0
DA:524,0
DA:525,0
DA:527,0
DA:528,0
DA:530,0
DA:531,0
DA:533,0
DA:534,0
DA:538,0
DA:539,0
DA:547,0
DA:548,0
DA:562,0
LF:151
LH:1
end_of_record
SF:lib/features/curated_paths/data/mvt_decoder.dart
DA:22,1
DA:28,1
DA:29,1
DA:30,1
DA:31,2
DA:32,1
DA:33,2
DA:34,1
DA:35,1
DA:36,1
DA:37,1
DA:38,1
DA:39,2
DA:41,2
DA:52,1
DA:53,1
DA:54,2
DA:55,0
DA:58,1
DA:59,1
DA:60,6
DA:63,1
DA:65,1
DA:67,0
DA:69,0
DA:70,0
DA:71,0
DA:76,1
DA:83,1
DA:84,1
DA:87,1
DA:88,1
DA:89,2
DA:90,1
DA:91,2
DA:92,1
DA:93,1
DA:95,1
DA:96,3
DA:97,3
DA:98,1
DA:101,1
DA:102,2
DA:103,4
DA:105,0
DA:106,0
DA:107,0
DA:108,0
DA:111,0
DA:113,0
DA:114,0
DA:115,0
DA:118,0
DA:119,0
DA:121,0
DA:122,0
DA:123,0
DA:124,0
DA:132,4
DA:134,1
DA:135,4
DA:136,2
DA:137,2
DA:140,6
LF:64
LH:45
end_of_record
SF:lib/features/external_vector_layers/models/vector_feature.dart
DA:24,5
DA:34,1
DA:35,1
DA:37,1
DA:38,1
DA:39,1
DA:43,1
DA:44,0
DA:45,0
DA:46,0
DA:47,0
DA:50,2
DA:51,3
DA:52,1
DA:54,1
DA:55,5
DA:59,0
DA:61,0
DA:64,0
DA:65,0
DA:67,0
DA:68,0
DA:72,0
DA:74,0
DA:75,0
DA:76,0
DA:77,0
LF:27
LH:12
end_of_record
SF:lib/core/api/api_client.dart
DA:15,3
DA:16,6
DA:20,0
DA:21,0
DA:24,3
DA:25,3
DA:26,9
DA:27,6
DA:28,6
DA:29,6
DA:30,6
DA:34,0
DA:37,6
DA:39,3
DA:40,0
DA:42,0
DA:43,0
DA:45,0
DA:48,0
DA:50,0
DA:51,0
DA:53,0
DA:54,0
DA:56,0
DA:59,0
DA:60,0
DA:61,0
DA:65,0
DA:66,0
DA:69,0
DA:73,0
DA:74,0
DA:77,0
DA:78,0
DA:81,0
DA:82,0
DA:85,0
DA:91,0
DA:92,0
DA:93,0
DA:94,0
DA:98,0
DA:105,0
DA:106,0
DA:107,0
DA:108,0
DA:113,0
DA:114,0
DA:116,0
DA:123,0
DA:124,0
DA:125,0
DA:126,0
DA:133,0
DA:142,0
DA:145,0
DA:146,0
DA:148,0
DA:151,0
DA:154,0
DA:155,0
DA:158,0
DA:163,0
DA:165,0
DA:168,0
DA:169,0
DA:170,0
DA:171,0
DA:172,0
DA:173,0
DA:178,0
DA:183,0
DA:184,0
DA:185,0
DA:188,0
DA:194,0
DA:195,0
DA:196,0
DA:198,0
DA:200,0
DA:204,0
DA:205,0
DA:208,0
DA:209,0
DA:212,0
DA:216,0
DA:217,0
DA:220,0
DA:224,0
DA:225,0
LF:90
LH:11
end_of_record
SF:lib/core/config/env_config.dart
DA:10,1
DA:14,3
DA:17,0
DA:18,0
DA:34,1
DA:35,1
DA:42,0
DA:43,0
LF:8
LH:4
end_of_record
SF:lib/core/service/logger.dart
DA:6,6
DA:11,2
DA:12,4
DA:13,7
DA:15,1
DA:16,4
DA:17,4
DA:19,1
DA:20,0
DA:22,1
DA:23,0
LF:11
LH:9
end_of_record
SF:lib/core/api/kartverket_hoydedata_client.dart
DA:15,1
DA:16,0
DA:18,0
DA:50,4
DA:51,0
DA:53,4
DA:61,3
DA:63,6
DA:64,6
DA:65,6
DA:69,12
DA:72,6
DA:73,9
DA:86,2
DA:87,2
DA:88,4
DA:89,6
DA:90,6
DA:91,2
DA:92,2
DA:93,6
DA:94,6
DA:96,4
DA:97,0
DA:103,2
DA:106,4
DA:107,8
DA:109,4
DA:114,8
DA:117,8
DA:118,1
DA:119,1
DA:120,3
DA:123,8
DA:128,3
DA:129,3
DA:130,3
DA:131,3
DA:132,3
DA:133,3
DA:134,3
DA:135,6
DA:140,2
DA:141,2
DA:142,2
DA:143,2
DA:144,2
DA:145,2
DA:146,8
DA:147,2
DA:148,2
DA:149,6
DA:157,4
DA:158,4
DA:159,4
DA:160,16
DA:169,0
DA:170,0
LF:58
LH:52
end_of_record
SF:lib/core/connectivity/connectivity_provider.dart
DA:7,13
DA:8,1
DA:14,1
DA:18,1
DA:21,2
DA:22,0
DA:25,3
DA:26,0
DA:29,3
DA:30,2
LF:10
LH:8
end_of_record
SF:lib/core/location/compass_mode_state.dart
DA:3,6
DA:8,1
DA:11,0
DA:12,0
DA:13,0
LF:5
LH:2
end_of_record
SF:lib/core/location/follow_mode_state.dart
DA:15,0
DA:16,4
DA:19,18
DA:24,5
DA:30,10
DA:34,4
DA:39,0
DA:40,0
DA:46,0
DA:47,0
DA:53,0
DA:54,0
LF:12
LH:5
end_of_record
SF:lib/core/location/gps_accuracy_mode.dart
DA:10,7
DA:12,7
DA:13,7
LF:3
LH:3
end_of_record
SF:lib/core/sharing/share_url_provider.dart
DA:7,3
DA:8,0
LF:2
LH:1
end_of_record
SF:lib/core/sharing/shareable_link_codec.dart
DA:27,6
DA:37,5
DA:43,4
DA:48,1
DA:49,0
DA:50,0
DA:51,0
DA:57,2
DA:58,0
DA:59,0
DA:64,1
DA:65,0
DA:66,0
DA:67,0
DA:75,0
DA:77,4
DA:79,4
DA:80,4
DA:81,8
DA:82,14
DA:83,12
DA:84,4
DA:85,8
DA:86,12
DA:87,12
DA:90,4
DA:93,3
DA:95,3
DA:96,3
DA:97,6
DA:98,8
DA:99,8
DA:100,8
DA:101,4
DA:102,8
DA:103,3
DA:104,6
DA:105,3
DA:106,15
DA:109,3
DA:113,4
DA:114,4
DA:115,8
DA:116,12
DA:117,8
DA:118,4
DA:119,7
DA:121,8
DA:122,4
DA:123,1
DA:125,4
DA:129,4
DA:135,4
DA:136,4
DA:137,4
DA:138,1
DA:140,4
DA:142,4
DA:143,6
DA:144,3
DA:145,6
DA:146,0
DA:152,5
DA:153,5
DA:154,5
DA:155,5
DA:156,12
DA:157,5
DA:158,5
DA:160,5
DA:162,5
DA:163,5
DA:165,10
DA:166,2
DA:171,5
DA:172,10
DA:173,5
DA:174,10
DA:177,4
DA:179,4
DA:180,4
DA:181,4
DA:182,8
DA:183,4
DA:184,0
DA:187,2
DA:190,4
DA:194,4
DA:195,16
DA:196,8
DA:199,3
DA:200,3
DA:201,9
DA:202,0
DA:204,3
DA:205,3
DA:206,3
DA:207,3
DA:208,15
DA:212,3
DA:213,3
DA:214,6
DA:215,0
DA:217,3
DA:218,6
DA:219,9
DA:220,0
DA:222,6
DA:223,6
DA:224,6
DA:227,3
DA:228,3
DA:229,3
DA:230,3
DA:233,3
DA:234,3
DA:235,3
DA:236,3
DA:240,3
DA:243,9
DA:244,15
DA:249,8
DA:251,20
LF:123
LH:109
end_of_record
SF:lib/core/util/catmull_rom_spline.dart
DA:8,1
DA:14,1
DA:15,3
DA:16,1
DA:19,1
DA:20,2
DA:23,2
DA:24,2
DA:27,2
DA:29,4
DA:30,2
DA:31,1
DA:32,2
DA:33,2
DA:35,3
DA:36,2
DA:37,2
DA:44,1
DA:46,1
DA:47,1
DA:49,2
DA:50,3
DA:51,6
DA:52,11
DA:53,1
DA:54,11
DA:57,2
DA:58,3
DA:59,6
DA:60,1
DA:61,2
DA:62,3
DA:63,3
DA:64,2
DA:65,1
DA:66,11
DA:69,1
LF:37
LH:37
end_of_record
SF:lib/core/util/distance_formatter.dart
DA:6,8
DA:8,8
DA:21,6
DA:22,12
DA:24,6
DA:25,12
DA:26,15
DA:27,3
DA:28,3
DA:29,7
DA:30,3
DA:31,6
LF:12
LH:12
end_of_record
SF:lib/core/util/gml/gml_axis_order.dart
DA:27,2
DA:28,2
DA:32,2
DA:33,1
DA:39,4
DA:45,1
DA:46,1
LF:7
LH:7
end_of_record
SF:lib/core/util/gml/gml_geometry.dart
DA:19,0
DA:25,2
DA:29,4
DA:30,4
DA:31,2
DA:32,2
DA:33,2
DA:34,2
DA:40,2
DA:41,2
DA:42,2
DA:43,1
DA:44,1
DA:45,2
DA:46,0
DA:47,0
DA:48,0
DA:49,0
DA:51,0
DA:53,0
DA:54,2
DA:55,1
DA:56,2
DA:57,4
DA:58,2
DA:59,1
DA:60,1
DA:61,2
DA:62,4
DA:65,1
DA:66,3
DA:68,1
DA:70,1
DA:71,1
DA:72,1
DA:73,1
DA:75,1
DA:76,0
DA:77,0
DA:78,0
DA:79,0
DA:80,0
DA:81,0
DA:82,0
DA:84,0
DA:86,0
DA:92,1
DA:93,2
DA:94,2
DA:95,3
DA:103,2
DA:104,2
DA:105,4
DA:106,2
DA:107,2
DA:108,6
DA:109,1
DA:110,0
DA:111,0
DA:118,1
DA:120,1
DA:122,2
DA:124,1
DA:125,2
DA:126,1
DA:127,2
DA:128,1
DA:129,3
DA:139,2
DA:141,2
DA:142,4
DA:143,6
DA:144,2
DA:145,4
DA:146,2
DA:147,8
DA:148,4
DA:149,6
DA:151,4
DA:156,1
DA:158,1
DA:159,2
DA:160,3
DA:161,1
DA:162,2
DA:163,1
DA:164,2
DA:165,2
DA:167,1
DA:173,2
DA:174,5
LF:91
LH:73
end_of_record
SF:lib/core/util/gml/gml_to_geojson.dart
DA:29,0
DA:38,2
DA:44,2
DA:45,1
DA:46,1
DA:49,2
DA:50,2
DA:52,2
DA:54,4
DA:55,2
DA:61,2
DA:62,2
DA:64,1
DA:65,2
DA:67,4
DA:75,2
DA:86,2
DA:87,4
DA:88,2
DA:89,10
DA:92,2
DA:93,0
DA:94,0
DA:98,2
DA:100,2
DA:101,2
DA:118,2
DA:119,2
DA:121,2
DA:124,6
DA:126,4
DA:127,2
DA:128,4
DA:129,2
DA:132,2
DA:133,2
DA:134,2
DA:136,2
DA:137,4
DA:138,2
DA:142,4
DA:143,2
DA:147,4
DA:148,2
DA:156,2
DA:157,2
DA:158,4
DA:159,6
DA:162,2
DA:165,2
DA:168,2
LF:51
LH:48
end_of_record
SF:lib/core/util/overpass/overpass_to_geojson.dart
DA:22,0
DA:24,1
DA:27,1
DA:28,1
DA:29,1
DA:31,2
DA:32,1
DA:33,2
DA:35,1
DA:37,2
DA:38,1
DA:39,1
DA:40,1
DA:41,1
DA:42,3
DA:43,1
DA:44,2
DA:45,1
DA:46,2
DA:47,2
DA:49,2
DA:51,2
DA:53,2
DA:54,2
DA:55,0
DA:56,2
DA:57,2
DA:58,5
DA:59,5
DA:61,2
DA:63,2
DA:65,1
DA:67,1
DA:69,1
DA:77,1
DA:83,2
LF:36
LH:34
end_of_record
SF:lib/core/util/slippy_tiles.dart
DA:9,2
DA:12,2
DA:13,4
DA:14,8
DA:15,10
DA:16,4
DA:17,6
DA:18,2
DA:26,2
DA:27,8
DA:28,16
DA:31,1
DA:33,10
DA:35,0
DA:36,0
DA:45,2
DA:63,2
DA:70,2
DA:71,2
DA:72,4
DA:73,6
DA:74,6
DA:75,6
DA:76,6
DA:77,2
DA:78,4
DA:79,4
DA:80,8
DA:81,4
DA:87,2
DA:88,2
DA:89,8
DA:90,4
DA:91,2
DA:92,14
DA:93,2
DA:95,2
DA:96,10
LF:38
LH:36
end_of_record
SF:lib/core/widgets/action_button.dart
DA:8,2
DA:15,2
DA:17,4
DA:18,4
DA:20,2
DA:21,2
DA:22,2
DA:23,2
DA:25,2
DA:27,2
DA:28,6
DA:30,2
DA:31,2
DA:32,4
DA:33,2
LF:15
LH:15
end_of_record
SF:lib/core/widgets/app_button.dart
DA:21,12
DA:31,2
DA:41,6
DA:51,1
DA:61,1
DA:71,39
DA:73,13
DA:75,26
DA:76,13
DA:77,25
DA:80,13
DA:81,13
DA:82,13
DA:83,32
DA:84,13
DA:85,5
DA:88,26
DA:89,13
DA:90,13
DA:91,12
DA:92,24
DA:93,12
DA:96,7
DA:97,1
DA:98,2
DA:99,1
DA:100,1
DA:101,1
DA:102,1
DA:106,7
DA:107,6
DA:108,12
DA:109,6
DA:112,2
DA:113,2
DA:114,4
DA:115,2
DA:118,1
DA:119,1
DA:120,2
DA:121,1
DA:127,13
DA:128,29
DA:129,6
DA:131,6
DA:132,12
DA:134,12
DA:139,13
DA:140,13
DA:145,13
DA:147,2
DA:149,2
DA:152,4
LF:53
LH:53
end_of_record
SF:lib/core/widgets/app_dialog.dart
DA:12,2
DA:19,2
DA:20,2
DA:22,4
DA:23,2
DA:24,2
DA:25,2
DA:26,2
DA:27,6
DA:28,4
DA:30,2
DA:31,6
DA:32,3
DA:42,5
DA:49,5
DA:50,10
DA:51,5
DA:53,10
DA:54,5
DA:55,5
DA:56,5
DA:57,5
DA:58,15
DA:59,10
DA:61,5
DA:62,5
DA:63,5
DA:64,5
DA:66,15
DA:67,5
LF:30
LH:30
end_of_record
SF:lib/core/widgets/app_grouped_card.dart
DA:12,3
DA:18,3
DA:20,3
DA:21,9
LF:4
LH:4
end_of_record
SF:lib/core/widgets/app_list_card.dart
DA:23,3
DA:32,3
DA:34,6
DA:35,6
DA:37,3
DA:39,3
DA:40,3
DA:41,9
DA:43,3
DA:44,3
DA:47,3
DA:48,9
DA:49,5
DA:51,2
DA:52,2
DA:53,4
DA:54,2
DA:61,3
DA:66,3
DA:67,2
DA:68,2
DA:69,2
DA:74,3
LF:23
LH:23
end_of_record
SF:lib/core/widgets/app_pill.dart
DA:10,2
DA:19,2
DA:21,2
DA:23,6
DA:24,2
DA:25,2
DA:27,6
DA:41,1
DA:49,1
DA:51,1
DA:52,1
DA:54,3
DA:55,1
DA:56,1
DA:58,3
DA:60,1
DA:61,1
DA:62,2
LF:18
LH:18
end_of_record
SF:lib/core/widgets/app_section_header.dart
DA:12,7
DA:14,5
DA:16,5
DA:18,5
DA:19,5
DA:20,20
DA:21,15
LF:7
LH:7
end_of_record
SF:lib/core/widgets/app_selection_pill.dart
DA:17,3
DA:29,3
DA:31,6
DA:32,3
DA:33,3
DA:34,2
DA:35,8
DA:36,3
DA:38,3
DA:42,3
DA:43,3
DA:44,3
DA:45,3
DA:46,3
DA:47,3
DA:48,3
DA:49,3
DA:50,3
DA:52,3
DA:53,6
DA:54,6
DA:57,3
LF:22
LH:22
end_of_record
SF:lib/core/widgets/app_snackbars.dart
DA:10,4
DA:11,8
DA:12,8
DA:13,4
DA:14,4
DA:15,4
DA:16,4
DA:17,4
DA:19,4
DA:20,4
DA:22,4
DA:23,4
DA:24,4
DA:25,8
DA:30,4
DA:38,1
DA:39,2
DA:40,2
DA:41,1
DA:42,1
DA:43,1
DA:50,2
DA:51,4
DA:52,2
DA:53,2
LF:25
LH:25
end_of_record
SF:lib/core/widgets/app_text_field.dart
DA:20,4
DA:34,4
DA:36,4
DA:37,4
DA:38,4
DA:39,4
DA:40,4
DA:41,8
DA:42,4
DA:43,4
DA:44,4
DA:45,4
DA:46,4
DA:47,4
LF:14
LH:14
end_of_record
SF:lib/core/widgets/color_circle.dart
DA:10,2
DA:19,2
DA:21,2
DA:23,2
DA:24,2
DA:25,2
DA:26,2
DA:27,2
DA:30,2
DA:32,6
DA:33,2
DA:34,6
DA:37,2
DA:38,2
DA:41,2
DA:42,4
DA:43,2
DA:52,1
DA:53,1
DA:54,1
DA:57,2
LF:21
LH:21
end_of_record
SF:lib/core/widgets/map/buttons/compass.dart
DA:27,0
DA:32,0
DA:33,0
DA:39,0
DA:41,0
DA:42,0
DA:43,0
DA:44,0
DA:45,0
DA:51,0
DA:53,0
DA:54,0
DA:55,0
DA:57,0
DA:58,0
DA:59,0
DA:61,0
DA:62,0
DA:63,0
DA:64,0
DA:65,0
DA:66,0
DA:67,0
DA:69,0
DA:70,0
DA:78,0
DA:79,0
DA:80,0
DA:83,0
DA:84,0
DA:85,0
DA:86,0
DA:87,0
DA:88,0
DA:90,0
DA:92,0
DA:93,0
DA:94,0
DA:97,0
DA:99,0
DA:100,0
DA:102,0
DA:103,0
DA:104,0
DA:105,0
DA:118,0
DA:119,0
DA:120,0
DA:123,0
DA:124,0
DA:127,0
DA:131,0
DA:133,0
DA:134,0
DA:137,0
DA:138,0
DA:139,0
DA:140,0
DA:141,0
DA:145,0
LF:60
LH:0
end_of_record
SF:lib/core/widgets/map/buttons/map_control_button_base.dart
DA:10,0
DA:18,0
DA:20,0
DA:21,0
DA:22,0
DA:27,0
DA:30,0
DA:33,0
DA:34,0
DA:35,0
DA:36,0
DA:37,0
DA:38,0
DA:40,0
DA:41,0
DA:42,0
DA:43,0
DA:44,0
DA:47,0
DA:48,0
DA:49,0
LF:21
LH:0
end_of_record
SF:lib/core/widgets/map/buttons/location_button.dart
DA:27,0
DA:29,0
DA:30,0
DA:35,0
DA:37,0
DA:38,0
DA:43,0
DA:45,0
DA:46,0
DA:48,0
DA:49,0
DA:51,0
DA:54,0
DA:55,0
DA:56,0
DA:57,0
DA:58,0
DA:66,0
DA:67,0
DA:68,0
DA:71,0
DA:73,0
DA:75,0
DA:78,0
DA:79,0
DA:81,0
DA:84,0
DA:86,0
DA:87,0
DA:88,0
DA:90,0
DA:92,0
DA:93,0
DA:98,0
DA:99,0
DA:104,0
DA:105,0
DA:108,0
DA:109,0
DA:110,0
DA:111,0
DA:113,0
DA:114,0
DA:118,0
DA:119,0
DA:120,0
DA:122,0
DA:124,0
DA:125,0
DA:126,0
DA:127,0
DA:132,0
DA:133,0
DA:138,0
DA:140,0
DA:141,0
DA:143,0
DA:147,0
DA:148,0
DA:152,0
DA:154,0
DA:162,0
DA:163,0
DA:165,0
DA:167,0
DA:184,0
DA:185,0
DA:187,0
DA:190,0
DA:192,0
DA:193,0
DA:194,0
DA:196,0
DA:198,0
DA:199,0
DA:202,0
DA:205,0
DA:209,0
DA:212,0
DA:213,0
DA:214,0
DA:215,0
DA:220,0
DA:224,0
DA:225,0
DA:226,0
DA:227,0
DA:228,0
DA:229,0
DA:230,0
DA:231,0
DA:236,0
DA:237,0
DA:238,0
DA:240,0
DA:241,0
DA:242,0
DA:243,0
DA:244,0
DA:245,0
DA:251,0
DA:252,0
DA:253,0
DA:254,0
DA:255,0
DA:256,0
DA:257,0
DA:258,0
DA:259,0
DA:260,0
DA:261,0
DA:262,0
DA:263,0
DA:271,0
DA:272,0
DA:273,0
DA:274,0
DA:275,0
DA:276,0
DA:277,0
DA:278,0
DA:279,0
DA:280,0
DA:281,0
DA:282,0
DA:283,0
DA:285,0
DA:286,0
DA:287,0
DA:288,0
DA:289,0
LF:131
LH:0
end_of_record
SF:lib/core/widgets/map/controller/map_utility.dart
DA:7,0
DA:8,0
DA:9,0
DA:10,0
DA:16,0
DA:17,0
DA:18,0
DA:19,0
DA:26,0
DA:27,0
DA:29,0
DA:30,0
DA:31,0
DA:32,0
DA:33,0
DA:34,0
DA:36,0
DA:38,0
DA:41,0
DA:43,0
DA:44,0
DA:45,0
DA:46,0
DA:49,0
DA:50,0
DA:51,0
DA:52,0
DA:53,0
DA:54,0
DA:55,0
DA:59,0
DA:60,0
LF:32
LH:0
end_of_record
SF:lib/core/widgets/map/buttons/plus_minus_buttons.dart
DA:9,0
DA:11,0
DA:13,0
DA:14,0
DA:20,0
DA:23,0
DA:24,0
DA:25,0
DA:26,0
DA:27,0
DA:28,0
DA:29,0
DA:30,0
DA:32,0
DA:33,0
DA:34,0
DA:35,0
LF:17
LH:0
end_of_record
SF:lib/core/widgets/map/controls/bottom_controls.dart
DA:6,0
DA:11,0
DA:13,0
DA:17,0
DA:18,0
LF:5
LH:0
end_of_record
SF:lib/core/widgets/map/controls/default_map_controls.dart
DA:10,0
DA:11,0
DA:13,0
DA:14,0
DA:15,0
DA:16,0
DA:17,0
DA:23,0
DA:24,0
DA:26,0
DA:27,0
LF:11
LH:0
end_of_record
SF:lib/features/map_view/widgets/buttons/map_layer_button.dart
DA:15,2
DA:17,0
DA:20,0
DA:22,0
DA:23,0
DA:25,0
DA:27,0
DA:31,0
DA:32,0
DA:37,0
DA:45,2
DA:47,4
DA:49,4
DA:50,8
DA:51,8
DA:52,8
DA:53,8
DA:54,8
DA:55,8
DA:56,8
DA:59,4
DA:60,4
DA:61,4
DA:62,4
DA:63,4
DA:66,4
DA:67,4
DA:68,4
DA:69,4
DA:72,4
DA:73,4
DA:76,4
DA:78,4
DA:79,4
DA:82,4
DA:83,4
DA:89,4
DA:91,4
DA:93,4
DA:94,4
DA:95,4
DA:96,4
DA:98,4
DA:100,0
DA:101,4
DA:102,4
DA:103,4
DA:109,4
DA:112,4
DA:115,1
DA:116,4
DA:118,4
DA:121,4
DA:124,0
DA:125,0
DA:127,4
DA:130,4
DA:133,2
DA:134,8
DA:136,4
DA:138,4
DA:141,4
DA:144,0
DA:145,0
DA:146,0
DA:150,4
DA:159,4
DA:168,4
DA:171,4
DA:173,4
DA:174,4
DA:176,4
DA:179,4
DA:180,4
DA:182,4
DA:185,4
DA:186,4
DA:187,4
DA:188,4
DA:190,4
DA:191,4
DA:192,8
DA:193,4
DA:194,6
DA:200,4
DA:203,16
DA:205,4
DA:207,4
DA:209,4
DA:210,4
DA:211,4
DA:212,4
DA:213,8
DA:215,0
DA:216,0
DA:217,0
DA:218,0
DA:225,4
DA:226,4
DA:227,8
DA:229,0
DA:230,0
DA:231,0
DA:232,0
DA:233,0
DA:234,0
DA:235,0
DA:236,0
DA:237,0
DA:239,0
DA:249,4
DA:254,4
DA:255,4
DA:256,8
DA:257,8
DA:259,4
DA:261,4
DA:262,4
DA:264,8
DA:266,4
DA:269,8
DA:271,0
DA:273,4
DA:276,8
DA:278,0
DA:285,4
DA:286,4
DA:289,4
DA:297,8
DA:298,8
DA:300,4
DA:302,4
DA:304,4
DA:306,4
DA:307,4
DA:309,4
DA:311,4
DA:312,3
DA:313,4
DA:314,4
DA:316,4
DA:317,6
DA:321,4
DA:323,4
DA:324,4
DA:328,4
DA:329,3
DA:332,4
DA:335,8
DA:339,4
DA:340,3
DA:353,4
DA:354,4
DA:355,8
DA:356,4
DA:358,8
DA:359,8
DA:360,4
DA:361,4
DA:362,12
DA:364,1
DA:367,2
DA:368,1
DA:373,4
DA:374,8
DA:377,4
DA:378,4
DA:380,4
DA:382,3
DA:384,3
LF:170
LH:139
end_of_record
SF:lib/core/widgets/map/controls/go_back_button.dart
DA:6,2
DA:8,0
DA:10,0
DA:11,0
DA:12,0
DA:14,0
LF:6
LH:1
end_of_record
SF:lib/core/widgets/map/controls/map_controls.dart
DA:8,0
DA:16,0
DA:17,0
DA:18,0
DA:19,0
DA:20,0
DA:21,0
DA:22,0
DA:28,0
DA:30,0
DA:31,0
DA:34,0
DA:35,0
DA:37,0
DA:39,0
DA:43,0
DA:46,0
DA:48,0
LF:18
LH:0
end_of_record
SF:lib/features/activities/models/activity_geometry.dart
DA:15,2
DA:17,0
DA:20,0
DA:25,1
DA:29,1
DA:30,1
DA:31,1
DA:32,0
DA:33,0
DA:34,0
DA:36,1
DA:41,4
DA:45,2
DA:47,1
DA:48,1
DA:53,0
DA:54,0
DA:55,0
DA:58,0
DA:62,1
DA:63,1
DA:64,1
DA:65,1
DA:66,3
DA:67,1
DA:68,1
DA:69,2
DA:70,3
DA:71,2
DA:72,2
DA:73,2
DA:75,2
LF:32
LH:23
end_of_record
SF:lib/features/activities/models/activity_summary.dart
DA:16,1
DA:27,0
DA:28,0
DA:29,0
DA:30,0
DA:31,0
DA:32,0
DA:33,0
DA:35,0
DA:36,0
DA:37,0
DA:38,0
DA:48,1
DA:55,0
DA:56,0
DA:57,0
DA:58,0
DA:59,0
DA:60,0
LF:19
LH:2
end_of_record
SF:lib/features/activities/models/activity_kind_descriptor.dart
DA:35,0
LF:1
LH:0
end_of_record
SF:lib/features/activities/data/activity_kind_registry.dart
DA:11,1
DA:12,2
DA:13,1
DA:15,3
DA:17,0
DA:22,4
DA:23,1
LF:7
LH:6
end_of_record
SF:lib/features/activities/data/activity_summaries_repository.dart
DA:13,3
DA:14,0
DA:15,0
DA:28,2
DA:29,2
DA:30,1
DA:38,1
DA:43,2
DA:45,4
DA:47,2
DA:48,2
DA:55,4
DA:56,1
DA:57,4
DA:59,1
DA:62,1
DA:63,1
DA:64,1
DA:65,6
DA:70,1
DA:71,3
DA:72,1
DA:75,0
DA:79,1
DA:83,1
DA:85,3
DA:86,3
DA:87,2
DA:88,2
DA:90,2
DA:91,2
DA:93,2
DA:94,2
DA:97,8
DA:99,2
DA:102,5
DA:103,0
DA:108,1
DA:111,1
DA:112,2
DA:113,2
DA:115,0
DA:119,2
DA:120,2
DA:124,1
DA:138,4
DA:139,4
DA:140,2
DA:141,1
DA:142,1
DA:145,0
DA:153,1
DA:154,3
DA:155,2
DA:156,2
DA:157,2
DA:161,1
DA:162,3
DA:163,1
DA:164,2
DA:165,2
DA:168,1
DA:170,2
DA:172,0
DA:176,1
DA:178,2
DA:180,0
DA:182,2
LF:68
LH:60
end_of_record
SF:lib/features/activities/data/activity_summaries_api.dart
DA:11,1
DA:13,0
DA:20,0
DA:24,0
DA:25,0
DA:27,0
DA:28,0
DA:29,0
DA:30,0
DA:31,0
DA:32,0
DA:33,0
DA:34,0
DA:38,0
DA:39,0
DA:40,0
DA:41,0
DA:42,0
DA:43,0
DA:44,0
DA:45,0
DA:46,0
DA:47,0
DA:48,0
DA:49,0
DA:50,0
DA:51,0
DA:52,0
DA:53,0
DA:61,0
DA:68,1
LF:31
LH:2
end_of_record
SF:lib/features/activities/data/conditions_cache.dart
DA:11,3
DA:17,3
DA:18,0
DA:19,0
DA:24,1
DA:26,0
DA:31,0
DA:32,0
DA:33,0
DA:34,0
DA:37,0
DA:38,0
DA:39,0
DA:41,0
DA:44,0
DA:48,0
DA:49,0
DA:51,0
DA:52,0
DA:54,0
DA:72,1
DA:79,3
DA:80,1
DA:87,4
DA:98,1
DA:105,3
DA:106,1
DA:113,4
DA:120,1
DA:130,1
DA:132,1
DA:135,1
DA:138,0
DA:140,1
DA:143,1
DA:145,3
DA:146,2
DA:147,3
DA:150,0
LF:39
LH:20
end_of_record
SF:lib/features/activities/widgets/activity_create_picker.dart
DA:23,1
DA:27,1
DA:28,1
DA:30,1
DA:33,1
DA:41,3
DA:42,3
DA:44,2
DA:47,2
DA:48,1
DA:49,1
DA:50,1
DA:51,1
DA:52,1
DA:54,1
DA:57,1
DA:58,1
DA:60,3
DA:63,1
DA:64,3
DA:65,3
DA:68,1
DA:69,1
DA:71,4
DA:74,0
DA:76,0
DA:84,1
DA:85,1
DA:87,0
DA:89,0
DA:93,1
DA:94,1
DA:96,0
DA:98,0
DA:106,0
DA:108,0
DA:110,0
DA:112,0
DA:113,0
DA:114,0
DA:115,0
DA:117,0
DA:119,0
DA:120,0
DA:121,0
DA:122,0
DA:131,1
DA:133,1
DA:135,1
DA:136,1
DA:138,1
DA:141,1
DA:142,1
DA:143,3
DA:145,1
DA:146,3
DA:147,3
DA:150,1
DA:152,1
DA:153,1
DA:154,3
DA:158,1
DA:161,0
DA:162,0
DA:163,0
DA:174,1
DA:175,1
DA:177,0
DA:179,0
LF:69
LH:46
end_of_record
SF:lib/features/activities/widgets/activities_map_layer.dart
DA:16,2
DA:18,0
DA:20,0
DA:21,0
DA:22,0
DA:24,0
DA:25,0
DA:27,0
DA:28,0
DA:31,0
DA:32,0
DA:36,0
DA:38,0
DA:42,0
DA:43,0
DA:44,0
DA:48,0
DA:49,0
DA:50,0
DA:54,0
DA:55,0
DA:56,0
DA:57,0
DA:59,0
DA:66,0
DA:68,0
DA:70,0
LF:27
LH:1
end_of_record
SF:lib/features/activities/widgets/route_drawing_screen.dart
DA:30,0
DA:37,0
DA:38,0
DA:54,0
DA:56,0
DA:57,0
DA:60,0
DA:62,0
DA:63,0
DA:64,0
DA:67,0
DA:69,0
DA:70,0
DA:71,0
DA:77,0
DA:78,0
DA:79,0
DA:80,0
DA:81,0
DA:82,0
DA:85,0
DA:86,0
DA:89,0
DA:90,0
DA:95,0
DA:96,0
DA:97,0
DA:100,0
DA:102,0
DA:103,0
DA:105,0
DA:107,0
DA:108,0
DA:109,0
DA:110,0
DA:111,0
DA:117,0
DA:118,0
DA:119,0
DA:120,0
DA:125,0
DA:127,0
DA:128,0
DA:129,0
DA:131,0
DA:132,0
DA:133,0
DA:134,0
DA:140,0
DA:142,0
DA:143,0
DA:145,0
DA:146,0
DA:149,0
DA:151,0
DA:154,0
DA:158,0
DA:159,0
DA:160,0
DA:161,0
DA:162,0
DA:165,0
DA:167,0
DA:170,0
DA:171,0
DA:173,0
DA:177,0
DA:180,0
DA:182,0
DA:183,0
DA:184,0
DA:185,0
DA:186,0
DA:187,0
DA:192,0
DA:193,0
DA:195,0
DA:196,0
DA:200,0
DA:204,0
DA:206,0
DA:208,0
DA:209,0
DA:210,0
DA:212,0
DA:215,0
DA:218,0
DA:219,0
DA:222,0
DA:223,0
DA:247,0
DA:259,0
DA:261,0
DA:263,0
DA:264,0
DA:265,0
DA:270,0
DA:272,0
DA:273,0
DA:274,0
DA:275,0
DA:276,0
DA:277,0
DA:279,0
DA:280,0
DA:282,0
DA:283,0
DA:284,0
DA:287,0
DA:288,0
DA:289,0
DA:290,0
DA:291,0
DA:295,0
DA:296,0
DA:297,0
DA:298,0
DA:300,0
DA:315,0
DA:316,0
DA:319,0
DA:320,0
LF:122
LH:0
end_of_record
SF:lib/features/activities/widgets/activity_conditions_map.dart
DA:46,0
DA:59,0
DA:61,0
DA:63,0
DA:69,0
DA:70,0
DA:71,0
DA:72,0
DA:76,0
DA:77,0
DA:78,0
DA:79,0
DA:85,0
DA:87,0
DA:88,0
DA:89,0
DA:90,0
DA:91,0
DA:97,0
DA:99,0
DA:100,0
DA:103,0
DA:106,0
DA:107,0
DA:108,0
DA:111,0
DA:116,0
DA:117,0
DA:118,0
DA:119,0
DA:120,0
DA:121,0
DA:126,0
DA:127,0
DA:129,0
DA:132,0
DA:133,0
DA:135,0
DA:136,0
DA:137,0
DA:140,0
DA:143,0
DA:144,0
DA:145,0
DA:148,0
DA:155,0
DA:156,0
DA:158,0
DA:159,0
DA:163,0
DA:164,0
DA:168,0
DA:174,0
DA:175,0
DA:177,0
DA:178,0
DA:181,0
DA:194,0
DA:196,0
DA:198,0
DA:200,0
DA:201,0
DA:202,0
DA:203,0
DA:204,0
DA:205,0
DA:210,0
DA:218,0
DA:220,0
DA:222,0
DA:223,0
DA:224,0
DA:226,0
DA:227,0
DA:228,0
DA:239,0
DA:241,0
DA:243,0
DA:244,0
DA:247,0
DA:248,0
DA:249,0
DA:250,0
DA:251,0
DA:252,0
DA:253,0
DA:254,0
DA:255,0
LF:88
LH:0
end_of_record
SF:lib/features/activities/data/activity_offline_stores.dart
DA:13,2
DA:14,2
DA:15,0
DA:16,3
DA:17,1
DA:22,2
DA:23,2
DA:24,0
DA:25,3
DA:26,1
DA:31,2
DA:32,2
DA:33,0
DA:34,3
DA:35,1
DA:39,0
DA:41,0
DA:43,0
DA:45,0
DA:47,0
DA:49,0
DA:54,0
DA:56,0
DA:63,0
DA:65,0
LF:25
LH:12
end_of_record
SF:lib/features/activities/data/activity_summary_store.dart
DA:22,1
DA:24,1
DA:26,2
DA:27,3
DA:30,1
DA:32,1
DA:33,2
DA:34,2
DA:35,1
DA:37,1
DA:41,1
DA:44,1
DA:46,2
DA:48,1
DA:53,1
DA:55,1
DA:56,2
DA:57,2
DA:58,2
DA:60,1
DA:63,1
DA:65,3
DA:68,0
DA:70,0
DA:73,2
DA:74,1
DA:75,1
DA:76,1
DA:77,2
DA:78,3
DA:79,1
DA:80,1
DA:81,3
DA:82,1
DA:85,1
DA:86,1
DA:87,1
DA:88,1
DA:89,1
DA:90,1
DA:91,1
DA:92,1
DA:93,1
DA:94,1
DA:95,1
DA:96,1
DA:98,1
DA:102,1
DA:103,1
DA:104,0
DA:105,0
LF:51
LH:47
end_of_record
SF:lib/features/activities/data/conditions_cache_store.dart
DA:32,1
DA:45,1
DA:48,1
DA:49,1
DA:52,1
DA:53,1
DA:55,1
DA:57,2
DA:58,1
DA:60,1
DA:63,1
DA:64,1
DA:65,1
DA:66,1
DA:67,1
DA:68,1
DA:73,1
DA:80,3
DA:81,2
DA:82,1
DA:83,1
DA:93,1
DA:95,2
DA:96,1
DA:98,1
DA:102,0
DA:104,0
LF:27
LH:25
end_of_record
SF:lib/features/auth/data/auth_providers.dart
DA:9,0
DA:12,15
DA:13,0
DA:17,0
DA:18,0
DA:19,0
DA:24,0
DA:25,0
DA:38,4
DA:47,1
DA:56,1
DA:57,1
DA:58,1
DA:59,1
DA:60,1
DA:61,1
DA:62,1
DA:73,0
DA:74,0
DA:76,0
DA:79,0
DA:81,0
DA:83,0
DA:86,0
DA:89,0
DA:93,0
DA:95,0
DA:98,0
DA:99,0
DA:100,0
DA:103,0
DA:107,0
DA:108,0
DA:110,0
DA:113,0
DA:118,0
DA:120,0
DA:121,0
DA:127,0
DA:128,0
DA:129,0
DA:130,0
DA:138,0
DA:141,0
DA:142,0
DA:147,0
DA:148,0
DA:150,0
DA:151,0
DA:152,0
DA:159,0
DA:163,0
DA:164,0
DA:166,0
DA:167,0
DA:168,0
DA:175,0
DA:179,0
DA:181,0
DA:183,0
DA:188,0
DA:190,0
DA:193,0
DA:194,0
DA:197,0
DA:199,0
DA:205,0
DA:206,0
DA:207,0
DA:208,0
DA:209,0
DA:211,0
DA:212,0
DA:214,0
DA:221,0
DA:222,0
DA:225,0
DA:229,0
DA:230,0
DA:232,0
DA:234,0
DA:236,0
DA:238,0
DA:242,0
DA:244,0
DA:247,0
DA:249,0
DA:251,0
DA:252,0
DA:255,0
DA:259,0
DA:260,0
LF:92
LH:10
end_of_record
SF:lib/features/auth/data/auth_init_provider.dart
DA:8,0
DA:12,0
DA:16,0
DA:20,0
DA:21,0
DA:23,0
DA:27,0
DA:29,0
DA:33,0
DA:34,0
LF:10
LH:0
end_of_record
SF:lib/features/auth/widgets/login_screen.dart
DA:11,3
DA:14,2
DA:16,0
DA:17,0
DA:20,0
DA:22,0
DA:31,0
DA:32,0
DA:34,0
DA:40,1
DA:41,1
DA:52,1
DA:54,1
DA:55,1
DA:58,1
DA:59,6
DA:60,2
DA:61,2
DA:63,4
DA:64,2
DA:65,2
DA:66,3
DA:67,3
DA:73,1
DA:75,2
DA:76,2
DA:77,1
DA:80,1
DA:81,3
DA:82,3
DA:83,3
DA:85,5
DA:86,3
DA:87,2
DA:90,1
DA:91,3
DA:97,0
DA:98,0
DA:99,0
DA:101,0
DA:104,0
DA:105,0
DA:108,0
DA:109,0
DA:112,1
DA:114,4
DA:117,1
DA:118,1
DA:119,1
DA:120,1
DA:121,1
DA:122,1
DA:123,1
DA:124,1
DA:125,1
DA:126,1
DA:129,0
DA:130,0
DA:131,0
DA:132,0
DA:133,0
DA:134,0
DA:135,0
DA:136,0
DA:137,0
DA:138,0
LF:66
LH:41
end_of_record
SF:lib/features/auth/widgets/register_screen.dart
DA:10,3
DA:14,2
DA:16,0
DA:17,0
DA:20,0
DA:22,0
DA:24,0
DA:33,0
DA:34,0
DA:36,0
DA:42,1
DA:43,1
DA:54,1
DA:56,1
DA:57,1
DA:60,1
DA:61,6
DA:62,2
DA:63,2
DA:65,4
DA:66,2
DA:67,2
DA:68,3
DA:69,3
DA:75,1
DA:77,2
DA:78,2
DA:79,1
DA:82,1
DA:83,3
DA:84,3
DA:85,3
DA:87,5
DA:88,3
DA:89,2
DA:92,1
DA:93,3
DA:99,0
DA:100,0
DA:101,0
DA:103,0
DA:106,0
DA:107,0
DA:110,0
DA:111,0
DA:114,1
DA:116,4
DA:119,1
DA:120,1
DA:121,1
DA:122,1
DA:123,1
DA:124,1
DA:125,1
DA:126,1
DA:127,1
DA:128,1
DA:131,0
DA:132,0
DA:133,0
DA:134,0
DA:135,0
DA:136,0
DA:137,0
DA:138,0
DA:139,0
DA:140,0
LF:67
LH:41
end_of_record
SF:lib/features/auth/widgets/user_profile_screen.dart
DA:9,2
DA:11,0
DA:13,0
DA:14,0
DA:15,0
DA:16,0
DA:18,0
DA:19,0
DA:20,0
DA:22,0
DA:23,0
DA:25,0
DA:26,0
DA:27,0
DA:32,0
DA:33,0
DA:35,0
DA:37,0
DA:38,0
DA:39,0
DA:40,0
DA:42,0
DA:43,0
DA:44,0
DA:45,0
DA:46,0
DA:52,0
DA:53,0
DA:55,0
DA:56,0
DA:57,0
DA:58,0
DA:63,0
DA:64,0
DA:65,0
DA:66,0
DA:76,0
DA:79,0
DA:80,0
DA:82,0
DA:85,0
DA:86,0
DA:88,0
DA:91,0
DA:92,0
DA:94,0
DA:97,0
DA:98,0
DA:100,0
DA:103,0
DA:104,0
DA:113,0
DA:119,0
DA:121,0
DA:122,0
DA:128,0
DA:130,0
DA:131,0
DA:133,0
DA:134,0
DA:135,0
DA:138,0
LF:62
LH:1
end_of_record
SF:lib/features/auth/widgets/drawer_widget.dart
DA:15,2
DA:17,0
DA:19,0
DA:20,0
DA:21,0
DA:22,0
DA:23,0
DA:24,0
DA:26,0
DA:27,0
DA:28,0
DA:29,0
DA:30,0
DA:31,0
DA:32,0
DA:34,0
DA:37,0
DA:38,0
DA:40,0
DA:41,0
DA:43,0
DA:45,0
DA:46,0
DA:48,0
DA:49,0
DA:50,0
DA:53,0
DA:54,0
DA:55,0
DA:57,0
DA:59,0
DA:62,0
DA:65,0
DA:67,0
DA:68,0
DA:69,0
DA:71,0
DA:72,0
DA:73,0
DA:74,0
DA:76,0
DA:78,0
DA:83,0
DA:84,0
DA:86,0
DA:87,0
DA:88,0
DA:89,0
DA:91,0
DA:92,0
DA:93,0
DA:94,0
DA:109,0
DA:110,0
DA:113,0
DA:114,0
DA:116,0
DA:117,0
DA:120,0
DA:123,0
DA:124,0
DA:126,0
DA:129,0
DA:130,0
DA:132,0
DA:135,0
DA:136,0
DA:138,0
DA:141,0
DA:142,0
DA:144,0
DA:147,0
DA:148,0
DA:150,0
DA:153,0
DA:154,0
DA:156,0
DA:161,0
DA:162,0
DA:163,0
DA:164,0
DA:165,0
DA:166,0
DA:171,0
DA:173,0
DA:174,0
DA:177,0
DA:179,0
DA:181,0
DA:182,0
DA:183,0
DA:187,0
DA:189,0
DA:191,0
DA:192,0
DA:193,0
DA:196,0
DA:205,0
DA:206,0
DA:207,0
DA:209,0
DA:210,0
DA:211,0
DA:214,0
LF:104
LH:1
end_of_record
SF:lib/features/auth/widgets/google_oauth_screen.dart
DA:10,0
DA:13,0
DA:15,0
DA:16,0
DA:25,0
DA:27,0
DA:28,0
DA:29,0
DA:33,0
DA:35,0
DA:36,0
DA:39,0
DA:40,0
DA:41,0
DA:44,0
DA:45,0
DA:47,0
DA:50,0
DA:51,0
DA:53,0
DA:55,0
DA:56,0
DA:57,0
DA:58,0
DA:59,0
DA:62,0
DA:63,0
DA:64,0
DA:68,0
DA:69,0
DA:70,0
DA:71,0
DA:75,0
DA:76,0
DA:77,0
DA:81,0
DA:83,0
DA:84,0
DA:85,0
DA:90,0
DA:92,0
DA:93,0
DA:94,0
DA:95,0
DA:96,0
DA:98,0
DA:99,0
DA:101,0
DA:103,0
DA:104,0
DA:105,0
DA:106,0
DA:107,0
DA:108,0
DA:110,0
DA:112,0
DA:113,0
DA:114,0
DA:115,0
DA:116,0
DA:118,0
DA:119,0
DA:120,0
DA:121,0
LF:64
LH:0
end_of_record
SF:lib/features/auth/widgets/login_success.dart
DA:7,0
DA:9,0
DA:10,0
DA:14,0
DA:16,0
DA:17,0
DA:19,0
DA:20,0
DA:21,0
DA:23,0
DA:24,0
DA:26,0
DA:30,0
DA:31,0
DA:32,0
DA:35,0
DA:36,0
DA:37,0
DA:38,0
LF:19
LH:0
end_of_record
SF:lib/features/auth/data/auth_service.dart
DA:6,0
DA:11,0
DA:13,0
DA:15,0
DA:16,0
DA:18,0
DA:24,0
DA:25,0
DA:26,0
DA:28,0
DA:30,0
DA:34,0
DA:37,0
DA:38,0
DA:40,0
DA:43,0
DA:44,0
DA:45,0
DA:47,0
DA:49,0
DA:53,0
DA:56,0
DA:57,0
DA:58,0
DA:59,0
DA:60,0
DA:62,0
DA:64,0
DA:67,0
DA:70,0
DA:71,0
DA:73,0
DA:76,0
DA:79,0
DA:80,0
DA:81,0
DA:82,0
DA:83,0
DA:84,0
DA:88,0
DA:90,0
DA:93,0
DA:94,0
DA:95,0
DA:96,0
DA:97,0
DA:98,0
DA:99,0
DA:100,0
DA:101,0
DA:109,0
DA:112,0
DA:113,0
DA:115,0
DA:119,0
DA:120,0
DA:124,0
DA:125,0
DA:126,0
DA:129,0
DA:130,0
DA:131,0
DA:134,0
DA:135,0
DA:136,0
DA:139,0
DA:141,0
DA:142,0
DA:145,0
DA:147,0
DA:148,0
DA:149,0
DA:152,0
DA:153,0
DA:154,0
DA:155,0
DA:156,0
LF:77
LH:0
end_of_record
SF:lib/features/auth/widgets/auth_divider.dart
DA:6,1
DA:11,1
DA:13,2
DA:14,2
DA:16,1
DA:17,1
DA:18,3
DA:19,1
DA:21,1
DA:22,1
DA:23,2
DA:24,1
DA:28,3
LF:13
LH:13
end_of_record
SF:lib/features/auth/widgets/auth_error_message.dart
DA:6,1
DA:11,1
DA:13,2
DA:14,2
DA:16,1
DA:19,1
DA:20,1
DA:21,1
DA:23,1
DA:25,1
DA:26,1
DA:28,1
DA:32,1
DA:33,1
DA:34,1
DA:35,2
DA:36,1
LF:17
LH:17
end_of_record
SF:lib/features/auth/widgets/auth_footer_link.dart
DA:9,1
DA:16,1
DA:18,2
DA:19,2
DA:21,1
DA:22,1
DA:25,1
DA:26,1
DA:27,1
DA:28,2
DA:29,1
DA:32,1
DA:33,1
DA:34,1
DA:35,1
DA:37,1
DA:39,2
LF:17
LH:17
end_of_record
SF:lib/features/auth/widgets/google_sign_in_button.dart
DA:13,0
DA:20,1
DA:27,0
DA:28,0
DA:32,0
DA:33,0
DA:34,0
DA:36,0
DA:37,0
DA:39,0
DA:43,0
DA:46,0
DA:47,0
DA:51,0
DA:53,0
DA:56,0
DA:58,0
DA:60,0
DA:62,0
DA:64,0
DA:67,0
DA:68,0
DA:69,0
DA:73,0
DA:77,1
DA:79,1
DA:80,2
DA:81,2
DA:83,1
DA:85,1
DA:86,1
DA:87,1
DA:88,0
DA:91,0
DA:93,0
DA:96,1
DA:101,1
DA:102,1
DA:103,2
DA:104,1
DA:108,1
DA:109,1
DA:110,1
DA:111,1
DA:113,3
LF:45
LH:19
end_of_record
SF:lib/features/auth/widgets/login_view_desktop.dart
DA:24,1
DA:37,1
DA:39,1
DA:40,2
DA:41,2
DA:43,5
DA:45,1
DA:46,1
DA:48,1
DA:49,1
DA:50,1
DA:53,1
DA:54,1
DA:56,1
DA:58,0
DA:59,1
DA:62,3
DA:64,3
DA:65,1
DA:66,2
DA:68,1
DA:69,1
DA:72,1
DA:73,1
DA:74,1
DA:76,1
DA:77,2
DA:79,1
DA:80,1
DA:81,1
DA:82,1
DA:83,2
DA:84,1
DA:87,1
DA:88,1
DA:89,1
DA:90,1
DA:91,1
DA:94,1
DA:95,2
DA:96,1
DA:97,1
DA:98,1
DA:99,1
DA:100,1
DA:102,1
DA:103,1
DA:104,1
DA:105,1
DA:106,1
LF:50
LH:49
end_of_record
SF:lib/features/auth/widgets/login_view_mobile.dart
DA:24,0
DA:37,0
DA:39,0
DA:40,0
DA:42,0
DA:43,0
DA:44,0
DA:45,0
DA:47,0
DA:48,0
DA:51,0
DA:52,0
DA:53,0
DA:55,0
DA:57,0
DA:58,0
DA:59,0
DA:61,0
DA:62,0
DA:63,0
DA:66,0
DA:67,0
DA:68,0
DA:70,0
DA:72,0
DA:73,0
DA:74,0
DA:75,0
DA:76,0
DA:78,0
DA:79,0
DA:80,0
DA:81,0
DA:82,0
DA:85,0
DA:86,0
DA:87,0
DA:88,0
DA:89,0
DA:90,0
DA:91,0
DA:93,0
DA:94,0
DA:95,0
DA:96,0
DA:97,0
LF:46
LH:0
end_of_record
SF:lib/features/auth/widgets/password_field.dart
DA:10,1
DA:18,1
DA:19,1
DA:25,1
DA:27,2
DA:29,1
DA:30,2
DA:31,2
DA:32,2
DA:33,1
DA:34,2
DA:35,1
DA:36,1
DA:37,1
DA:38,1
DA:41,0
DA:42,0
DA:43,0
LF:18
LH:15
end_of_record
SF:lib/features/auth/widgets/register_view_desktop.dart
DA:24,1
DA:37,1
DA:39,1
DA:40,2
DA:41,2
DA:43,5
DA:45,1
DA:46,1
DA:48,1
DA:49,1
DA:50,1
DA:53,1
DA:54,1
DA:56,1
DA:58,0
DA:59,1
DA:62,3
DA:64,1
DA:65,1
DA:68,1
DA:69,1
DA:70,1
DA:72,1
DA:73,1
DA:74,2
DA:76,1
DA:82,1
DA:83,1
DA:84,1
DA:85,1
DA:86,1
DA:87,1
DA:88,0
DA:90,2
DA:91,1
DA:96,1
DA:97,1
DA:98,1
DA:99,1
DA:100,1
DA:103,1
DA:104,2
DA:105,1
DA:106,1
DA:107,1
DA:108,1
DA:109,1
DA:111,1
DA:112,1
DA:113,1
DA:115,1
DA:116,2
DA:118,1
DA:119,1
DA:120,1
DA:121,1
DA:122,1
LF:57
LH:55
end_of_record
SF:lib/features/auth/widgets/register_view_mobile.dart
DA:24,0
DA:37,0
DA:39,0
DA:40,0
DA:41,0
DA:42,0
DA:44,0
DA:45,0
DA:46,0
DA:47,0
DA:49,0
DA:50,0
DA:53,0
DA:54,0
DA:55,0
DA:57,0
DA:59,0
DA:60,0
DA:61,0
DA:63,0
DA:64,0
DA:65,0
DA:68,0
DA:69,0
DA:70,0
DA:72,0
DA:73,0
DA:74,0
DA:78,0
DA:79,0
DA:80,0
DA:81,0
DA:82,0
DA:83,0
DA:84,0
DA:88,0
DA:89,0
DA:90,0
DA:91,0
DA:92,0
DA:95,0
DA:96,0
DA:97,0
DA:98,0
DA:99,0
DA:100,0
DA:101,0
DA:103,0
DA:104,0
DA:105,0
DA:107,0
DA:109,0
DA:110,0
DA:111,0
DA:112,0
DA:113,0
LF:56
LH:0
end_of_record
SF:lib/features/avalanche_forecast/models/avalanche_warning.dart
DA:18,3
DA:20,1
DA:22,1
DA:24,1
DA:26,1
DA:28,0
DA:30,0
DA:45,1
DA:68,2
DA:96,1
DA:100,2
DA:101,3
DA:102,1
LF:13
LH:11
end_of_record
SF:lib/features/avalanche_forecast/data/varsom_service.dart
DA:12,3
DA:13,0
DA:14,0
DA:35,3
DA:36,2
DA:42,3
DA:43,3
DA:44,15
DA:45,3
DA:46,3
DA:47,6
DA:48,9
DA:51,9
DA:56,6
DA:57,12
DA:58,3
DA:59,3
DA:60,7
DA:64,2
DA:65,1
DA:66,2
DA:68,1
DA:69,1
DA:70,1
DA:73,1
DA:74,1
DA:76,1
DA:78,0
DA:79,0
DA:81,1
DA:84,2
DA:85,1
DA:86,0
DA:87,2
DA:88,1
DA:90,1
DA:91,1
DA:93,0
DA:95,1
DA:96,1
DA:97,1
DA:98,2
DA:99,1
DA:100,2
DA:101,1
DA:102,1
DA:103,1
DA:104,1
DA:109,1
DA:114,1
DA:115,1
DA:120,3
DA:121,9
DA:122,9
DA:123,6
LF:55
LH:49
end_of_record
SF:lib/features/avalanche_forecast/data/avalanche_forecast_notifier.dart
DA:7,4
DA:8,6
DA:16,6
DA:23,2
DA:34,2
DA:36,2
DA:38,0
DA:39,0
DA:42,10
DA:43,0
DA:44,0
DA:48,0
DA:49,0
DA:50,0
DA:51,0
DA:52,0
LF:16
LH:7
end_of_record
SF:lib/features/avalanche_forecast/widgets/avalanche_warning_badge.dart
DA:21,2
DA:27,2
DA:29,8
DA:30,2
DA:31,2
DA:32,0
DA:33,0
DA:35,0
DA:38,0
DA:47,0
DA:49,0
DA:51,0
DA:52,0
DA:53,0
DA:55,0
DA:56,0
DA:57,0
DA:58,0
DA:60,0
DA:61,0
DA:62,0
DA:64,0
DA:65,0
DA:66,0
DA:68,0
DA:69,0
DA:71,0
DA:72,0
DA:73,0
DA:74,0
DA:75,0
DA:81,0
DA:82,0
DA:83,0
DA:84,0
DA:92,0
DA:100,0
DA:102,0
DA:103,0
DA:104,0
DA:105,0
DA:106,0
DA:107,0
DA:108,0
DA:109,0
DA:110,0
DA:111,0
DA:115,0
DA:118,0
DA:123,0
DA:128,0
DA:133,0
DA:134,0
DA:135,0
DA:136,0
DA:138,0
DA:150,2
LF:57
LH:6
end_of_record
SF:lib/features/avalanche_forecast/widgets/avalanche_warning_sheet.dart
DA:11,0
DA:13,0
DA:15,0
DA:16,0
DA:18,0
DA:23,0
DA:24,0
DA:25,0
DA:26,0
DA:30,0
DA:31,0
DA:32,0
DA:33,0
DA:35,0
DA:38,0
DA:39,0
DA:46,0
DA:47,0
DA:48,0
DA:50,0
DA:55,0
DA:57,0
DA:58,0
DA:59,0
DA:62,0
DA:63,0
DA:64,0
DA:67,0
DA:68,0
DA:69,0
DA:70,0
DA:75,0
DA:77,0
DA:78,0
DA:79,0
DA:80,0
DA:84,0
DA:85,0
DA:86,0
DA:90,0
DA:92,0
DA:94,0
DA:96,0
DA:97,0
DA:98,0
DA:101,0
DA:102,0
DA:104,0
DA:105,0
DA:106,0
DA:107,0
DA:108,0
DA:109,0
DA:110,0
DA:114,0
DA:115,0
DA:116,0
DA:117,0
DA:118,0
DA:125,0
DA:127,0
DA:128,0
DA:129,0
DA:130,0
DA:131,0
DA:132,0
DA:133,0
DA:134,0
DA:135,0
DA:136,0
LF:70
LH:0
end_of_record
SF:lib/features/avalanche_forecast/widgets/show_avalanche_warning_sheet.dart
DA:6,0
DA:8,0
DA:14,0
LF:3
LH:0
end_of_record
SF:lib/features/collections/models/collection.dart
DA:37,2
DA:50,1
DA:51,2
DA:53,2
DA:55,1
DA:76,1
DA:77,1
DA:78,0
DA:80,1
DA:81,1
DA:82,1
DA:83,1
DA:84,1
DA:86,1
DA:87,1
DA:88,1
DA:89,1
DA:90,1
DA:94,2
DA:95,2
DA:96,2
DA:100,2
DA:101,2
DA:102,2
DA:103,2
DA:104,2
DA:105,2
DA:106,4
DA:107,4
DA:108,4
DA:109,8
DA:110,2
DA:111,4
DA:112,4
DA:116,2
DA:117,2
DA:118,2
DA:119,2
DA:120,2
DA:121,2
DA:122,2
DA:123,4
DA:124,2
DA:125,3
DA:126,2
DA:127,2
DA:128,2
DA:129,2
DA:133,0
DA:136,0
DA:137,0
DA:138,0
DA:139,0
DA:140,0
DA:141,0
DA:142,0
DA:143,0
DA:144,0
DA:145,0
DA:146,0
DA:147,0
DA:148,0
DA:149,0
DA:151,0
DA:152,0
DA:153,0
DA:154,0
DA:155,0
DA:156,0
DA:157,0
DA:158,0
DA:159,0
DA:160,0
DA:161,0
DA:162,0
DA:163,0
DA:164,0
LF:77
LH:47
end_of_record
SF:lib/features/collections/models/collection_item_ref.dart
DA:10,3
DA:15,2
DA:18,1
DA:19,3
DA:20,3
DA:21,3
DA:23,2
DA:24,6
DA:26,0
DA:27,0
LF:10
LH:8
end_of_record
SF:lib/features/collections/models/saved_filter.dart
DA:18,1
DA:25,1
DA:26,4
DA:27,1
DA:28,1
DA:29,1
DA:31,1
DA:33,1
DA:34,3
DA:35,1
DA:36,5
DA:37,5
DA:40,1
DA:41,1
DA:44,4
DA:45,4
DA:49,1
DA:50,1
DA:51,5
DA:52,1
DA:53,2
DA:54,3
DA:55,3
DA:56,3
DA:57,3
DA:59,4
DA:60,4
DA:64,3
DA:66,2
DA:67,1
DA:69,2
DA:75,0
DA:78,0
DA:79,0
DA:80,0
DA:81,0
DA:82,0
DA:84,0
DA:86,0
LF:39
LH:31
end_of_record
SF:lib/features/collections/data/collection_repository.dart
DA:12,2
DA:13,2
DA:15,0
DA:16,0
DA:19,3
DA:20,1
DA:29,1
DA:35,2
DA:40,0
DA:45,0
DA:46,0
DA:47,0
DA:48,0
DA:53,9
DA:54,1
DA:55,1
DA:62,1
DA:64,1
DA:68,1
DA:69,4
DA:71,1
DA:72,2
DA:73,1
DA:75,1
DA:76,2
DA:77,1
DA:78,0
DA:79,0
DA:80,0
DA:81,0
DA:82,0
DA:83,0
DA:84,0
DA:87,0
DA:93,2
DA:94,2
DA:95,0
DA:99,0
DA:101,0
DA:102,0
DA:103,0
DA:104,0
DA:108,0
DA:109,0
DA:110,0
DA:111,0
DA:114,0
DA:115,0
DA:116,0
DA:117,0
DA:120,0
DA:121,0
DA:122,0
DA:123,0
DA:126,0
DA:127,0
DA:128,0
DA:129,0
DA:133,0
DA:137,0
DA:138,0
DA:139,0
DA:140,0
DA:141,0
DA:142,0
DA:144,0
DA:145,0
DA:147,0
DA:152,0
DA:153,0
DA:154,0
DA:155,0
DA:160,3
DA:161,6
DA:163,0
DA:164,0
LF:76
LH:23
end_of_record
SF:lib/features/collections/data/collection_visibility_provider.dart
DA:6,0
DA:7,0
DA:14,0
DA:16,0
DA:17,0
DA:20,0
DA:21,0
DA:22,0
DA:25,0
DA:26,0
DA:32,0
DA:33,0
DA:34,0
DA:37,0
DA:38,0
DA:41,0
DA:42,0
DA:45,0
DA:46,0
DA:47,0
DA:48,0
DA:49,0
DA:52,0
DA:53,0
DA:54,0
DA:55,0
DA:56,0
DA:57,0
LF:28
LH:0
end_of_record
SF:lib/features/collections/data/collection_filter.dart
DA:10,1
DA:15,1
DA:16,1
DA:17,2
DA:18,1
LF:5
LH:5
end_of_record
SF:lib/features/collections/widgets/collections_page.dart
DA:15,2
DA:17,0
DA:19,0
DA:20,0
DA:22,0
DA:23,0
DA:24,0
DA:25,0
DA:27,0
DA:29,0
DA:30,0
DA:31,0
DA:32,0
DA:33,0
DA:34,0
DA:36,0
DA:38,0
DA:39,0
DA:40,0
DA:41,0
DA:42,0
DA:44,0
DA:55,0
DA:57,0
DA:58,0
DA:59,0
DA:60,0
DA:62,0
DA:64,0
DA:65,0
DA:68,0
DA:71,0
DA:72,0
DA:73,0
DA:77,0
DA:78,0
DA:79,0
DA:80,0
DA:94,0
DA:96,0
DA:98,0
DA:99,0
DA:100,0
DA:101,0
DA:102,0
DA:103,0
DA:105,0
DA:106,0
DA:108,0
DA:110,0
DA:111,0
DA:112,0
DA:113,0
DA:114,0
DA:118,0
DA:119,0
DA:120,0
DA:121,0
DA:122,0
DA:125,0
DA:126,0
DA:128,0
DA:129,0
DA:130,0
DA:132,0
DA:133,0
DA:134,0
DA:135,0
DA:145,0
DA:150,0
DA:151,0
DA:153,0
DA:154,0
DA:155,0
DA:156,0
DA:157,0
DA:158,0
DA:159,0
DA:161,0
DA:162,0
DA:163,0
DA:164,0
DA:166,0
DA:167,0
DA:172,0
DA:175,0
DA:176,0
DA:177,0
DA:178,0
DA:181,0
DA:182,0
DA:184,0
LF:92
LH:1
end_of_record
SF:lib/features/collections/widgets/collection_detail_page.dart
DA:18,0
DA:20,0
DA:22,0
DA:23,0
DA:25,0
DA:26,0
DA:29,0
DA:30,0
DA:31,0
DA:33,0
DA:35,0
DA:36,0
DA:43,0
DA:44,0
DA:45,0
DA:48,0
DA:58,0
DA:60,0
DA:61,0
DA:68,0
DA:70,0
DA:71,0
DA:74,0
DA:76,0
DA:77,0
DA:78,0
DA:79,0
DA:83,0
DA:84,0
DA:85,0
DA:86,0
DA:87,0
DA:88,0
DA:89,0
DA:90,0
DA:94,0
DA:96,0
DA:97,0
DA:98,0
DA:99,0
DA:100,0
DA:101,0
DA:103,0
DA:104,0
DA:107,0
DA:109,0
DA:111,0
DA:112,0
DA:113,0
DA:114,0
DA:116,0
DA:117,0
DA:118,0
DA:119,0
DA:120,0
DA:121,0
DA:122,0
DA:125,0
DA:126,0
DA:127,0
DA:129,0
DA:130,0
DA:132,0
DA:134,0
DA:137,0
DA:138,0
DA:140,0
DA:141,0
DA:142,0
DA:143,0
DA:144,0
DA:145,0
DA:147,0
DA:153,0
DA:155,0
DA:156,0
DA:157,0
DA:158,0
DA:159,0
DA:161,0
DA:162,0
DA:163,0
DA:164,0
DA:165,0
DA:167,0
DA:168,0
DA:174,0
DA:175,0
DA:177,0
DA:178,0
DA:179,0
DA:180,0
DA:181,0
DA:182,0
DA:184,0
DA:185,0
DA:186,0
DA:187,0
DA:188,0
DA:189,0
DA:190,0
DA:200,0
DA:201,0
DA:203,0
DA:204,0
DA:206,0
DA:207,0
DA:209,0
DA:210,0
DA:211,0
DA:212,0
DA:213,0
DA:219,0
DA:220,0
DA:221,0
DA:223,0
DA:224,0
DA:225,0
DA:226,0
DA:230,0
DA:231,0
DA:232,0
DA:233,0
DA:234,0
DA:236,0
DA:238,0
DA:241,0
DA:243,0
DA:248,0
DA:249,0
DA:251,0
DA:252,0
DA:253,0
DA:254,0
DA:258,0
DA:259,0
DA:260,0
DA:261,0
DA:262,0
DA:264,0
DA:266,0
DA:269,0
DA:273,0
DA:288,0
DA:290,0
DA:292,0
DA:293,0
DA:294,0
DA:295,0
DA:297,0
DA:298,0
DA:299,0
DA:300,0
DA:302,0
DA:303,0
DA:304,0
DA:307,0
DA:308,0
DA:312,0
DA:314,0
DA:315,0
DA:316,0
DA:317,0
DA:318,0
DA:319,0
DA:320,0
DA:331,0
DA:333,0
DA:335,0
DA:336,0
DA:337,0
DA:338,0
DA:339,0
DA:340,0
DA:343,0
DA:344,0
DA:345,0
DA:346,0
DA:348,0
DA:349,0
DA:350,0
DA:353,0
DA:354,0
DA:358,0
DA:360,0
DA:361,0
DA:362,0
DA:363,0
DA:364,0
DA:365,0
DA:366,0
LF:191
LH:0
end_of_record
SF:lib/features/collections/widgets/add_to_collection_sheet.dart
DA:25,0
DA:32,0
DA:33,0
DA:40,0
DA:46,0
DA:50,0
DA:57,0
DA:61,0
DA:63,0
DA:71,0
DA:72,0
DA:73,0
DA:74,0
DA:75,0
DA:76,0
DA:77,0
DA:80,0
DA:81,0
DA:82,0
DA:83,0
DA:87,0
DA:88,0
DA:89,0
DA:91,0
DA:94,0
DA:96,0
DA:97,0
DA:98,0
DA:99,0
DA:100,0
DA:102,0
DA:103,0
DA:106,0
DA:110,0
DA:112,0
DA:113,0
DA:114,0
DA:115,0
DA:116,0
DA:117,0
DA:118,0
DA:119,0
DA:121,0
DA:122,0
DA:123,0
DA:124,0
DA:128,0
DA:130,0
DA:132,0
DA:133,0
DA:134,0
DA:135,0
DA:138,0
DA:139,0
DA:140,0
DA:141,0
DA:142,0
DA:143,0
DA:144,0
DA:147,0
DA:148,0
DA:154,0
DA:156,0
DA:157,0
DA:158,0
DA:160,0
DA:161,0
DA:163,0
DA:164,0
DA:166,0
DA:167,0
DA:169,0
DA:170,0
DA:175,0
DA:176,0
DA:178,0
DA:179,0
DA:180,0
DA:181,0
DA:183,0
DA:184,0
DA:185,0
DA:187,0
DA:189,0
DA:197,0
DA:198,0
DA:199,0
DA:200,0
DA:215,0
DA:221,0
DA:223,0
DA:224,0
DA:225,0
DA:226,0
DA:227,0
DA:230,0
DA:232,0
DA:233,0
DA:234,0
DA:235,0
DA:236,0
DA:238,0
DA:239,0
DA:240,0
DA:241,0
LF:105
LH:0
end_of_record
SF:lib/features/collections/widgets/collection_picker_row.dart
DA:20,1
DA:26,0
DA:27,0
DA:29,0
DA:31,0
DA:34,1
DA:36,1
DA:37,2
DA:38,2
DA:39,2
DA:41,1
DA:42,1
DA:43,2
DA:44,4
DA:45,1
DA:47,1
DA:48,1
DA:49,2
DA:51,1
DA:52,0
DA:53,1
DA:55,1
DA:56,1
DA:57,1
DA:60,1
DA:62,0
DA:63,1
DA:66,1
DA:69,0
DA:70,1
DA:75,1
DA:77,0
DA:80,0
DA:81,0
DA:82,0
DA:83,0
DA:86,0
DA:87,0
DA:89,0
DA:91,0
DA:102,1
DA:103,1
DA:104,2
DA:105,1
DA:109,1
DA:111,1
DA:119,0
LF:47
LH:30
end_of_record
SF:lib/features/collections/widgets/create_or_edit_collection_sheet.dart
DA:15,0
DA:17,0
DA:21,0
DA:28,0
DA:32,0
DA:34,0
DA:46,0
DA:48,0
DA:49,0
DA:50,0
DA:51,0
DA:52,0
DA:53,0
DA:56,0
DA:58,0
DA:59,0
DA:60,0
DA:63,0
DA:64,0
DA:65,0
DA:66,0
DA:68,0
DA:69,0
DA:72,0
DA:73,0
DA:74,0
DA:76,0
DA:77,0
DA:78,0
DA:80,0
DA:82,0
DA:83,0
DA:84,0
DA:86,0
DA:87,0
DA:88,0
DA:89,0
DA:90,0
DA:91,0
DA:93,0
DA:95,0
DA:96,0
DA:98,0
DA:99,0
DA:100,0
DA:101,0
DA:104,0
DA:108,0
DA:110,0
DA:111,0
DA:112,0
DA:113,0
DA:114,0
DA:115,0
DA:116,0
DA:117,0
DA:118,0
DA:120,0
DA:121,0
DA:122,0
DA:123,0
DA:124,0
DA:125,0
DA:128,0
DA:129,0
DA:130,0
DA:131,0
DA:132,0
DA:133,0
DA:134,0
DA:137,0
DA:138,0
DA:144,0
DA:145,0
DA:146,0
DA:147,0
DA:150,0
DA:151,0
DA:152,0
DA:158,0
DA:159,0
DA:160,0
DA:161,0
DA:167,0
DA:169,0
DA:171,0
DA:172,0
DA:173,0
DA:176,0
DA:177,0
DA:180,0
DA:183,0
DA:184,0
DA:185,0
DA:192,0
DA:193,0
DA:194,0
DA:197,0
DA:198,0
DA:199,0
DA:213,0
DA:215,0
DA:217,0
DA:218,0
DA:219,0
DA:220,0
DA:221,0
DA:222,0
DA:224,0
DA:225,0
DA:226,0
DA:228,0
DA:229,0
DA:230,0
DA:231,0
DA:233,0
DA:236,0
DA:238,0
DA:239,0
DA:240,0
DA:243,0
DA:245,0
DA:246,0
DA:249,0
DA:250,0
DA:252,0
DA:253,0
DA:257,0
DA:258,0
DA:260,0
DA:261,0
DA:262,0
DA:266,0
DA:268,0
DA:269,0
DA:272,0
LF:136
LH:0
end_of_record
SF:lib/features/collections/data/api_collection_service.dart
DA:15,0
DA:30,0
DA:38,0
DA:45,0
DA:47,0
DA:49,0
DA:52,0
DA:53,0
DA:54,0
DA:55,0
DA:56,0
DA:58,0
DA:68,0
DA:72,0
DA:73,0
DA:74,0
DA:75,0
DA:76,0
DA:77,0
DA:78,0
DA:79,0
DA:83,0
DA:87,0
DA:88,0
DA:89,0
DA:90,0
DA:91,0
DA:92,0
DA:93,0
DA:94,0
DA:95,0
DA:99,0
DA:100,0
DA:101,0
DA:105,0
DA:106,0
DA:107,0
DA:108,0
DA:109,0
DA:110,0
DA:111,0
DA:112,0
DA:113,0
DA:115,0
DA:116,0
DA:118,0
DA:119,0
DA:121,0
DA:122,0
DA:123,0
DA:126,0
DA:127,0
DA:130,0
DA:131,0
DA:133,0
DA:134,0
DA:137,0
DA:138,0
DA:139,0
DA:140,0
DA:142,0
DA:145,0
DA:149,0
DA:150,0
DA:152,0
DA:153,0
DA:154,0
DA:155,0
DA:158,0
DA:159,0
DA:160,0
DA:162,0
DA:163,0
DA:164,0
DA:166,0
DA:167,0
DA:169,0
DA:170,0
DA:171,0
DA:173,0
DA:176,0
DA:177,0
DA:178,0
DA:180,0
DA:181,0
DA:182,0
DA:184,0
DA:185,0
DA:186,0
DA:187,0
DA:188,0
DA:189,0
DA:191,0
DA:192,0
DA:194,0
DA:197,0
DA:198,0
DA:199,0
DA:200,0
DA:201,0
DA:204,0
DA:207,0
DA:212,0
DA:213,0
DA:215,0
DA:216,0
DA:217,0
DA:218,0
DA:220,0
DA:221,0
DA:222,0
DA:223,0
DA:224,0
DA:226,0
DA:227,0
DA:229,0
DA:231,0
DA:232,0
DA:234,0
DA:237,0
DA:242,0
DA:243,0
DA:245,0
DA:246,0
DA:247,0
DA:249,0
DA:250,0
DA:251,0
DA:252,0
DA:253,0
DA:254,0
DA:256,0
DA:262,0
DA:266,0
DA:267,0
DA:268,0
DA:270,0
DA:272,0
DA:275,0
DA:276,0
DA:279,0
DA:280,0
DA:281,0
DA:282,0
DA:283,0
DA:285,0
DA:286,0
DA:287,0
DA:288,0
DA:290,0
DA:291,0
DA:292,0
DA:296,0
DA:297,0
DA:298,0
LF:155
LH:0
end_of_record
SF:lib/features/collections/data/collection_sync_service.dart
DA:7,0
DA:32,0
DA:40,0
DA:41,0
DA:44,0
DA:46,0
DA:47,0
DA:50,0
DA:51,0
DA:54,0
DA:55,0
DA:56,0
DA:61,0
DA:62,0
DA:64,0
DA:65,0
DA:71,0
DA:72,0
DA:73,0
DA:74,0
DA:75,0
DA:76,0
DA:77,0
DA:78,0
DA:79,0
DA:80,0
DA:85,0
DA:86,0
DA:89,0
DA:90,0
DA:92,0
DA:95,0
DA:96,0
DA:98,0
DA:99,0
DA:101,0
DA:104,0
DA:105,0
DA:106,0
DA:107,0
DA:110,0
DA:114,0
DA:115,0
DA:116,0
DA:117,0
DA:118,0
DA:119,0
DA:126,0
DA:131,0
DA:132,0
DA:134,0
DA:135,0
DA:137,0
DA:138,0
DA:145,0
DA:151,0
DA:152,0
DA:155,0
DA:157,0
DA:161,0
DA:162,0
DA:170,0
DA:172,0
DA:174,0
DA:175,0
DA:192,0
DA:201,0
DA:207,0
DA:216,0
DA:217,0
LF:70
LH:0
end_of_record
SF:lib/features/collections/data/indexdb_collection_data_store.dart
DA:15,0
DA:16,0
DA:18,0
DA:19,0
DA:20,0
DA:23,0
DA:25,0
DA:28,0
DA:30,0
DA:33,0
DA:34,0
DA:35,0
DA:36,0
DA:38,0
DA:39,0
DA:40,0
DA:41,0
DA:43,0
DA:49,0
DA:50,0
DA:52,0
DA:54,0
DA:55,0
DA:56,0
DA:57,0
DA:58,0
DA:60,0
DA:61,0
DA:62,0
DA:63,0
DA:64,0
DA:65,0
DA:70,0
DA:72,0
DA:73,0
DA:74,0
DA:75,0
DA:76,0
DA:77,0
DA:80,0
DA:82,0
DA:83,0
DA:84,0
DA:85,0
DA:86,0
DA:89,0
DA:91,0
DA:94,0
DA:96,0
DA:97,0
DA:98,0
DA:101,0
DA:102,0
DA:103,0
DA:104,0
DA:105,0
DA:106,0
DA:107,0
DA:109,0
DA:112,0
DA:114,0
DA:115,0
DA:116,0
DA:117,0
DA:118,0
DA:119,0
DA:120,0
DA:121,0
DA:123,0
DA:124,0
DA:125,0
DA:127,0
DA:130,0
DA:132,0
DA:133,0
DA:134,0
DA:135,0
DA:136,0
DA:137,0
DA:139,0
DA:140,0
DA:141,0
DA:144,0
DA:146,0
DA:147,0
DA:148,0
DA:149,0
DA:150,0
DA:151,0
DA:152,0
DA:154,0
DA:155,0
DA:156,0
DA:158,0
DA:163,0
DA:165,0
DA:166,0
DA:167,0
DA:168,0
DA:169,0
DA:171,0
DA:172,0
DA:173,0
DA:175,0
DA:178,0
DA:180,0
DA:181,0
DA:182,0
DA:183,0
DA:184,0
DA:187,0
DA:189,0
DA:190,0
DA:191,0
DA:192,0
DA:193,0
DA:194,0
DA:195,0
DA:197,0
DA:200,0
DA:202,0
DA:203,0
LF:122
LH:0
end_of_record
SF:lib/features/collections/data/sqlite_collection_data_store.dart
DA:11,2
DA:13,0
DA:16,2
DA:18,4
DA:22,2
DA:25,1
DA:27,2
DA:30,1
DA:33,1
DA:34,2
DA:37,1
DA:39,2
DA:41,1
DA:46,1
DA:48,2
DA:50,1
DA:52,2
DA:56,1
DA:58,3
DA:59,1
DA:62,1
DA:64,1
DA:67,1
DA:72,1
DA:74,2
DA:77,1
DA:81,3
DA:82,1
DA:83,1
DA:85,1
DA:88,1
DA:90,2
DA:92,1
DA:94,3
DA:96,4
DA:99,1
DA:101,2
DA:102,1
DA:103,2
DA:104,1
DA:105,1
DA:106,1
DA:108,4
DA:113,1
DA:115,2
DA:117,1
DA:119,1
DA:120,1
DA:121,2
DA:127,1
DA:129,2
DA:132,3
DA:136,1
DA:138,2
DA:141,3
DA:145,1
DA:147,2
DA:149,1
DA:151,3
LF:59
LH:58
end_of_record
SF:lib/features/curated_paths/data/mvt_tile_fetcher.dart
DA:9,0
DA:10,0
DA:19,0
DA:21,0
DA:29,0
DA:35,0
DA:37,0
DA:47,0
DA:49,0
DA:56,0
DA:57,0
DA:58,0
DA:59,0
DA:60,0
DA:63,0
DA:65,0
DA:66,0
DA:68,0
DA:70,0
DA:71,0
DA:72,0
DA:73,0
DA:74,0
DA:77,0
DA:78,0
DA:79,0
LF:26
LH:0
end_of_record
SF:lib/features/curated_paths/models/mvt_layer_source.dart
DA:59,0
DA:73,0
DA:74,0
DA:75,0
DA:76,0
DA:77,0
DA:78,0
DA:81,0
DA:82,0
DA:83,0
LF:10
LH:0
end_of_record
SF:lib/features/curated_paths/data/mvt_tile_repository.dart
DA:10,0
DA:11,0
DA:12,0
DA:13,0
DA:29,0
DA:37,0
DA:43,0
DA:44,0
DA:46,0
DA:50,0
DA:51,0
DA:53,0
DA:54,0
DA:56,0
DA:65,0
DA:73,0
DA:74,0
DA:75,0
DA:76,0
DA:79,0
DA:80,0
DA:82,0
DA:83,0
DA:84,0
DA:85,0
DA:88,0
DA:91,0
DA:92,0
DA:93,0
DA:95,0
DA:103,0
LF:31
LH:0
end_of_record
SF:lib/features/curated_paths/providers/curated_path_providers.dart
DA:11,0
DA:14,0
DA:23,0
DA:24,0
DA:25,0
DA:27,0
DA:28,0
DA:29,0
DA:35,0
DA:36,0
DA:37,0
DA:39,0
DA:40,0
DA:41,0
DA:47,0
DA:48,0
DA:49,0
DA:51,0
DA:52,0
DA:53,0
DA:59,0
DA:60,0
DA:61,0
DA:63,0
DA:64,0
DA:65,0
DA:74,0
DA:75,0
DA:76,0
DA:77,0
DA:78,0
DA:79,0
DA:80,0
DA:82,0
LF:34
LH:0
end_of_record
SF:lib/features/curated_paths/widgets/mvt_data_layer.dart
DA:22,0
DA:29,0
DA:30,0
DA:40,0
DA:42,0
DA:43,0
DA:44,0
DA:45,0
DA:46,0
DA:47,0
DA:48,0
DA:49,0
DA:52,0
DA:56,0
DA:58,0
DA:59,0
DA:60,0
DA:64,0
DA:66,0
DA:67,0
DA:70,0
DA:71,0
DA:72,0
DA:73,0
DA:74,0
DA:75,0
DA:78,0
DA:79,0
DA:80,0
DA:81,0
DA:82,0
DA:85,0
DA:86,0
DA:87,0
DA:88,0
DA:89,0
DA:92,0
DA:93,0
DA:94,0
DA:95,0
DA:99,0
DA:101,0
DA:102,0
DA:103,0
DA:104,0
DA:105,0
DA:112,0
DA:113,0
DA:114,0
DA:115,0
DA:119,0
DA:121,0
DA:123,0
DA:124,0
DA:125,0
DA:126,0
DA:127,0
DA:128,0
DA:129,0
DA:130,0
DA:131,0
DA:135,0
DA:139,0
DA:140,0
DA:142,0
DA:145,0
DA:151,0
DA:152,0
DA:153,0
DA:154,0
DA:155,0
DA:157,0
DA:159,0
DA:162,0
DA:165,0
DA:166,0
DA:167,0
DA:168,0
DA:169,0
LF:79
LH:0
end_of_record
SF:lib/features/external_vector_layers/models/vector_layer_source.dart
DA:52,3
LF:1
LH:1
end_of_record
SF:lib/features/external_vector_layers/data/vector_layer_fetcher.dart
DA:15,0
DA:16,0
DA:21,1
DA:22,0
DA:23,0
DA:29,4
DA:31,2
DA:39,4
DA:46,6
DA:47,2
DA:51,2
DA:52,2
DA:54,8
DA:58,2
DA:60,2
DA:61,2
DA:63,4
DA:64,6
DA:74,2
DA:75,2
DA:76,2
DA:77,2
DA:78,2
DA:80,2
DA:82,2
DA:83,0
DA:85,2
DA:91,2
DA:93,2
DA:94,2
DA:95,4
DA:96,0
DA:101,2
DA:103,8
DA:104,0
DA:106,2
DA:110,2
DA:111,2
DA:112,2
DA:113,2
DA:118,2
DA:119,2
DA:120,2
DA:121,2
DA:123,4
DA:124,2
DA:125,2
DA:126,2
DA:127,2
DA:128,2
DA:129,2
DA:131,6
DA:132,4
DA:133,4
DA:134,1
DA:137,2
DA:138,2
DA:139,4
DA:140,4
DA:143,2
DA:147,1
DA:148,1
DA:149,2
DA:150,1
DA:151,1
DA:152,3
DA:154,1
DA:155,2
DA:162,1
DA:163,1
DA:164,2
DA:165,2
DA:166,2
DA:169,1
DA:174,1
DA:175,0
DA:176,0
DA:177,0
DA:178,0
DA:179,0
DA:181,0
DA:182,0
DA:194,2
DA:195,2
DA:196,4
DA:197,6
DA:199,12
LF:87
LH:73
end_of_record
SF:lib/features/external_vector_layers/data/vector_layer_cache.dart
DA:14,2
DA:20,2
DA:21,4
DA:22,4
DA:26,2
DA:27,4
DA:28,2
DA:29,8
DA:30,10
DA:32,4
DA:35,0
DA:37,3
LF:12
LH:11
end_of_record
SF:lib/features/external_vector_layers/data/vector_tile_store.dart
DA:6,1
DA:18,0
DA:22,0
LF:3
LH:1
end_of_record
SF:lib/features/external_vector_layers/data/sqlite_vector_tile_store.dart
DA:12,0
DA:13,0
DA:14,0
DA:15,0
DA:21,0
DA:23,0
DA:25,0
DA:28,0
DA:31,0
DA:32,0
DA:33,0
DA:34,0
DA:35,0
DA:36,0
DA:40,0
DA:43,0
DA:45,0
DA:51,0
LF:18
LH:0
end_of_record
SF:lib/features/external_vector_layers/data/vector_layer_repository.dart
DA:16,0
DA:17,0
DA:18,0
DA:19,0
DA:20,0
DA:52,1
DA:58,1
DA:62,1
DA:70,1
DA:78,1
DA:79,1
DA:81,2
DA:82,5
DA:84,2
DA:85,2
DA:87,2
DA:90,1
DA:91,2
DA:92,1
DA:93,2
DA:100,2
DA:101,3
DA:107,1
DA:109,1
DA:110,2
DA:112,1
DA:113,1
DA:114,1
DA:115,1
DA:119,1
DA:121,5
DA:123,0
DA:124,0
DA:125,0
DA:128,1
DA:130,1
DA:132,3
DA:134,2
DA:135,4
LF:39
LH:31
end_of_record
SF:lib/features/external_vector_layers/data/vector_layer_notifier.dart
DA:13,0
DA:20,0
DA:27,0
DA:29,0
DA:34,0
DA:35,0
DA:40,0
DA:41,0
DA:42,0
DA:43,0
DA:46,0
DA:47,0
DA:48,0
DA:50,0
DA:51,0
DA:53,0
DA:54,0
DA:55,0
DA:56,0
DA:58,0
LF:20
LH:0
end_of_record
SF:lib/features/external_vector_layers/widgets/vector_data_layer.dart
DA:29,0
DA:37,0
DA:38,0
DA:46,0
DA:48,0
DA:49,0
DA:50,0
DA:51,0
DA:52,0
DA:53,0
DA:54,0
DA:55,0
DA:56,0
DA:59,0
DA:63,0
DA:65,0
DA:66,0
DA:67,0
DA:70,0
DA:71,0
DA:72,0
DA:73,0
DA:74,0
DA:77,0
DA:78,0
DA:79,0
DA:80,0
DA:81,0
DA:84,0
DA:86,0
DA:88,0
DA:95,0
DA:96,0
DA:97,0
DA:99,0
DA:100,0
DA:101,0
DA:102,0
DA:103,0
DA:105,0
DA:106,0
DA:107,0
DA:108,0
DA:109,0
DA:110,0
DA:111,0
DA:112,0
DA:116,0
DA:120,0
DA:121,0
DA:123,0
DA:126,0
DA:132,0
DA:133,0
DA:134,0
DA:135,0
DA:136,0
DA:138,0
DA:140,0
DA:145,0
DA:146,0
DA:147,0
DA:148,0
DA:149,0
DA:152,0
DA:153,0
DA:154,0
LF:67
LH:0
end_of_record
SF:lib/features/external_vector_layers/widgets/vector_feature_sheet.dart
DA:11,0
DA:18,0
DA:24,0
DA:25,0
DA:26,0
DA:27,0
DA:43,0
DA:51,0
DA:53,0
DA:54,0
DA:55,0
DA:57,0
DA:58,0
DA:59,0
DA:61,0
DA:66,0
DA:67,0
DA:68,0
DA:69,0
DA:73,0
DA:76,0
DA:77,0
DA:78,0
DA:81,0
DA:82,0
DA:83,0
DA:88,0
DA:89,0
DA:92,0
DA:94,0
DA:95,0
DA:96,0
DA:97,0
DA:98,0
DA:101,0
DA:102,0
DA:104,0
DA:106,0
DA:107,0
DA:109,0
DA:110,0
DA:111,0
DA:112,0
DA:116,0
DA:117,0
DA:130,0
DA:131,0
DA:132,0
DA:133,0
DA:135,0
DA:138,0
DA:139,0
DA:140,0
DA:141,0
DA:142,0
DA:143,0
DA:144,0
DA:145,0
DA:146,0
DA:147,0
DA:148,0
DA:149,0
LF:62
LH:0
end_of_record
SF:lib/features/external_vector_layers/data/sources/nasjonal_turbase_source.dart
DA:34,2
DA:35,4
DA:36,2
DA:37,4
DA:38,2
DA:39,2
DA:40,2
DA:47,2
DA:48,2
DA:52,2
DA:56,2
DA:57,2
DA:60,0
DA:62,0
DA:63,0
DA:73,2
DA:85,6
DA:86,2
DA:90,0
DA:92,2
DA:96,0
DA:98,2
DA:102,0
DA:104,2
DA:108,0
LF:25
LH:18
end_of_record
SF:lib/features/external_vector_layers/data/sources/met_alerts_source.dart
DA:12,0
DA:13,0
DA:15,0
DA:18,0
DA:25,0
LF:5
LH:0
end_of_record
SF:lib/features/external_vector_layers/data/sources/osm_path_source.dart
DA:17,0
DA:18,0
DA:20,0
DA:27,0
DA:34,0
DA:38,0
DA:41,0
DA:44,0
DA:46,0
DA:48,0
LF:10
LH:0
end_of_record
SF:lib/features/external_vector_layers/data/sources/n50_sti_source.dart
DA:24,0
DA:25,0
DA:27,0
DA:30,0
DA:37,0
DA:40,0
DA:48,0
DA:49,0
DA:53,0
DA:55,0
DA:57,0
LF:11
LH:0
end_of_record
SF:lib/features/external_vector_layers/widgets/trail_feature_sheet.dart
DA:43,1
DA:51,1
DA:53,2
DA:54,2
DA:55,1
DA:57,3
DA:59,1
DA:64,1
DA:65,1
DA:66,1
DA:67,1
DA:71,1
DA:75,1
DA:76,1
DA:78,1
DA:79,1
DA:80,2
DA:81,1
DA:82,1
DA:84,2
DA:86,2
DA:88,2
DA:90,2
DA:92,1
DA:94,3
DA:96,1
DA:97,1
DA:98,1
DA:101,1
DA:102,1
DA:103,2
DA:105,1
DA:106,1
DA:107,2
DA:108,1
DA:119,1
DA:120,1
DA:121,1
DA:122,4
DA:123,4
DA:124,1
DA:125,1
DA:126,1
DA:128,1
DA:129,2
DA:130,1
DA:138,1
DA:140,1
DA:141,1
DA:144,1
DA:145,1
DA:146,1
DA:147,1
DA:148,1
DA:149,1
DA:162,1
DA:169,1
DA:171,2
DA:172,2
DA:173,1
DA:175,1
DA:176,1
DA:180,1
DA:181,1
DA:182,1
DA:185,1
DA:186,1
DA:188,1
DA:189,1
DA:190,2
DA:191,2
DA:192,1
DA:197,1
DA:198,1
DA:199,2
DA:201,2
DA:203,1
DA:204,1
DA:205,2
DA:206,1
DA:222,1
DA:224,1
DA:226,1
DA:227,5
DA:228,2
DA:229,4
DA:230,3
DA:231,5
DA:232,2
DA:233,3
DA:235,1
DA:238,1
DA:239,3
DA:249,1
DA:256,1
DA:258,1
DA:260,2
DA:261,2
DA:262,3
DA:263,1
DA:266,1
DA:267,1
DA:268,1
DA:269,2
DA:271,1
DA:273,1
DA:274,3
DA:276,1
DA:277,2
DA:278,3
DA:290,1
DA:292,1
DA:294,2
DA:295,2
DA:296,1
DA:298,1
DA:299,1
DA:300,1
DA:301,3
DA:304,3
DA:314,1
DA:316,1
DA:318,2
DA:319,2
DA:320,1
DA:321,1
DA:322,4
DA:323,4
DA:325,1
DA:326,1
DA:327,3
LF:131
LH:131
end_of_record
SF:lib/features/external_vector_layers/widgets/trail_property_decoder.dart
DA:58,1
DA:74,1
DA:75,1
DA:76,1
DA:77,1
DA:78,1
DA:80,1
DA:81,1
DA:82,1
DA:83,1
DA:84,1
DA:85,1
DA:91,1
DA:92,1
DA:96,1
DA:98,1
DA:99,1
DA:101,2
DA:103,1
DA:105,3
DA:107,2
DA:108,1
DA:110,1
DA:112,2
DA:113,3
DA:114,3
DA:115,3
DA:116,3
DA:118,2
DA:120,3
DA:121,2
DA:122,2
DA:123,3
DA:133,1
DA:135,1
DA:136,2
DA:137,2
DA:138,1
DA:143,1
DA:151,1
DA:153,1
DA:154,1
DA:155,1
DA:156,2
DA:157,2
DA:160,1
DA:161,3
DA:162,1
DA:163,1
DA:164,2
DA:165,2
DA:168,3
DA:169,3
DA:170,4
DA:183,1
DA:188,1
DA:190,1
DA:191,1
DA:192,1
DA:193,1
DA:194,0
DA:195,1
DA:196,1
DA:197,0
DA:198,0
DA:199,0
DA:200,0
DA:205,1
DA:207,1
DA:208,1
DA:209,0
DA:210,0
DA:213,1
DA:214,0
DA:215,0
DA:218,1
DA:219,1
DA:220,1
DA:223,0
DA:224,0
DA:225,0
DA:229,0
DA:235,1
DA:237,0
DA:238,0
DA:239,0
DA:240,0
DA:241,0
DA:242,0
DA:243,0
DA:244,0
DA:245,0
DA:246,0
DA:251,1
DA:253,1
DA:254,1
DA:255,1
DA:256,0
DA:257,0
DA:258,0
DA:259,0
DA:264,1
DA:268,0
DA:269,0
DA:271,0
DA:273,0
DA:275,0
DA:277,0
DA:279,0
DA:287,1
DA:288,2
DA:289,3
DA:292,1
DA:294,2
DA:295,1
DA:302,1
DA:305,1
DA:306,3
DA:307,3
DA:308,1
DA:309,1
DA:310,1
DA:313,1
DA:315,0
DA:317,0
DA:322,1
DA:324,1
DA:325,2
DA:330,1
DA:334,2
DA:335,4
DA:336,1
DA:338,2
DA:339,3
DA:340,1
DA:345,1
DA:352,1
DA:353,0
DA:354,0
DA:357,1
DA:358,1
DA:359,1
DA:362,0
DA:363,0
DA:364,0
DA:367,0
DA:368,0
DA:369,0
DA:370,0
DA:371,0
DA:378,1
DA:380,3
DA:381,4
DA:382,0
DA:384,2
DA:388,1
DA:390,1
DA:391,1
DA:393,0
DA:394,0
DA:395,0
DA:396,0
DA:397,0
DA:398,0
DA:399,0
DA:400,0
DA:401,0
DA:406,1
DA:409,1
DA:411,0
DA:413,0
DA:415,0
DA:417,0
DA:423,1
DA:425,0
DA:428,0
DA:436,1
DA:438,1
DA:439,1
DA:441,1
DA:442,0
DA:444,0
DA:445,0
LF:183
LH:118
end_of_record
SF:lib/features/map_view/widgets/main_map_page.dart
DA:36,0
DA:38,0
DA:39,0
DA:52,0
DA:54,0
DA:55,0
DA:58,0
DA:60,0
DA:61,0
DA:62,0
DA:63,0
DA:66,0
DA:67,0
DA:68,0
DA:70,0
DA:75,0
DA:76,0
DA:77,0
DA:79,0
DA:80,0
DA:81,0
DA:84,0
DA:85,0
DA:89,0
DA:90,0
DA:91,0
DA:92,0
DA:96,0
DA:97,0
DA:98,0
DA:99,0
DA:100,0
DA:104,0
DA:107,0
DA:108,0
DA:109,0
DA:111,0
DA:116,0
DA:118,0
DA:119,0
DA:120,0
DA:121,0
DA:123,0
DA:128,0
DA:129,0
DA:133,0
DA:134,0
DA:137,0
DA:138,0
DA:139,0
DA:140,0
DA:141,0
DA:145,0
DA:148,0
DA:149,0
DA:150,0
DA:151,0
DA:152,0
DA:153,0
DA:158,0
DA:159,0
DA:160,0
DA:161,0
DA:165,0
DA:170,0
DA:171,0
DA:172,0
DA:173,0
DA:178,0
DA:181,0
DA:182,0
DA:183,0
DA:184,0
DA:189,0
DA:190,0
DA:191,0
DA:192,0
DA:197,0
DA:198,0
DA:199,0
DA:200,0
DA:201,0
DA:202,0
DA:203,0
DA:204,0
DA:205,0
DA:212,0
DA:213,0
DA:214,0
DA:217,0
DA:218,0
DA:219,0
DA:220,0
DA:221,0
DA:223,0
DA:225,0
DA:227,0
DA:228,0
DA:229,0
DA:230,0
DA:231,0
DA:232,0
DA:233,0
DA:239,0
DA:240,0
DA:241,0
DA:242,0
DA:244,0
DA:245,0
DA:246,0
DA:247,0
DA:253,0
DA:254,0
DA:255,0
DA:256,0
DA:257,0
DA:261,0
DA:263,0
DA:266,0
DA:267,0
DA:268,0
DA:269,0
DA:270,0
DA:271,0
DA:272,0
DA:273,0
DA:276,0
DA:291,0
DA:292,0
DA:293,0
DA:294,0
DA:295,0
DA:296,0
DA:297,0
DA:299,0
DA:300,0
DA:301,0
DA:305,0
DA:306,0
DA:307,0
DA:308,0
DA:309,0
DA:310,0
DA:319,0
DA:320,0
DA:321,0
DA:322,0
DA:323,0
DA:325,0
DA:326,0
DA:329,0
DA:330,0
DA:331,0
DA:336,0
DA:337,0
DA:338,0
DA:339,0
DA:340,0
DA:343,0
DA:344,0
DA:345,0
DA:350,0
DA:351,0
DA:352,0
DA:353,0
DA:354,0
DA:362,0
DA:363,0
DA:364,0
DA:366,0
DA:367,0
DA:375,0
DA:376,0
DA:377,0
DA:378,0
DA:379,0
DA:382,0
DA:383,0
DA:384,0
DA:389,0
DA:390,0
DA:393,0
DA:398,0
DA:399,0
DA:400,0
DA:401,0
DA:402,0
DA:403,0
DA:404,0
DA:407,0
DA:408,0
DA:409,0
DA:419,0
DA:420,0
DA:424,0
DA:428,0
DA:429,0
DA:430,0
DA:431,0
DA:432,0
DA:433,0
DA:437,0
DA:438,0
DA:442,0
DA:448,0
DA:449,0
DA:452,0
DA:453,0
DA:457,0
DA:458,0
DA:465,0
DA:466,0
DA:467,0
LF:213
LH:0
end_of_record
SF:lib/features/map_view/widgets/map_base.dart
DA:21,0
DA:38,0
DA:40,0
DA:42,0
DA:43,0
DA:44,0
DA:45,0
DA:46,0
DA:47,0
DA:50,0
DA:51,0
DA:52,0
DA:53,0
DA:54,0
DA:63,0
DA:66,0
DA:67,0
DA:68,0
DA:69,0
DA:70,0
DA:71,0
DA:72,0
DA:74,0
DA:75,0
DA:78,0
DA:79,0
DA:80,0
DA:82,0
DA:83,0
DA:86,0
DA:87,0
DA:88,0
DA:90,0
DA:91,0
DA:97,0
DA:98,0
DA:101,0
DA:102,0
LF:38
LH:0
end_of_record
SF:lib/features/map_view/models/map_view_state.dart
DA:9,2
DA:12,0
DA:17,0
DA:21,0
DA:22,0
DA:23,0
LF:6
LH:1
end_of_record
SF:lib/features/map_view/data/map_view_state_notifier.dart
DA:5,0
DA:6,0
DA:13,0
DA:15,0
DA:20,0
DA:21,0
DA:22,0
DA:23,0
DA:24,0
DA:25,0
LF:10
LH:0
end_of_record
SF:lib/features/map_view/widgets/layers/current_location_layer.dart
DA:19,2
DA:21,0
DA:23,0
DA:24,0
DA:26,0
DA:27,0
DA:30,0
DA:31,0
DA:32,0
DA:33,0
DA:34,0
DA:35,0
DA:39,0
DA:40,0
DA:45,0
DA:51,0
DA:52,0
DA:53,0
DA:54,0
DA:58,0
DA:59,0
DA:66,0
DA:67,0
DA:68,0
DA:69,0
DA:70,0
DA:83,0
DA:84,0
DA:100,0
DA:113,0
DA:115,0
DA:116,0
DA:118,0
DA:120,0
DA:121,0
DA:123,0
DA:128,0
DA:132,0
DA:133,0
DA:135,0
DA:137,0
DA:139,0
DA:140,0
DA:141,0
DA:142,0
DA:151,0
DA:152,0
DA:153,0
DA:154,0
DA:155,0
DA:156,0
DA:158,0
DA:162,0
DA:163,0
DA:165,0
DA:166,0
DA:169,0
DA:171,0
DA:174,0
DA:177,0
DA:180,0
DA:187,0
DA:189,0
DA:190,0
DA:191,0
DA:192,0
DA:194,0
DA:195,0
DA:198,0
DA:200,0
DA:203,0
DA:204,0
DA:205,0
DA:206,0
DA:208,0
DA:209,0
DA:211,0
DA:212,0
DA:213,0
DA:221,0
DA:223,0
DA:224,0
DA:226,0
DA:227,0
DA:228,0
DA:229,0
DA:231,0
DA:232,0
DA:233,0
DA:235,0
DA:236,0
DA:238,0
DA:239,0
DA:242,0
DA:244,0
DA:247,0
DA:250,0
DA:252,0
DA:254,0
DA:255,0
DA:270,0
DA:272,0
DA:274,0
DA:275,0
DA:276,0
DA:277,0
DA:280,0
DA:281,0
DA:283,0
DA:284,0
DA:285,0
DA:287,0
DA:288,0
DA:289,0
DA:290,0
DA:291,0
DA:292,0
DA:294,0
DA:295,0
DA:297,0
DA:300,0
DA:301,0
DA:302,0
DA:305,0
DA:307,0
DA:310,0
DA:312,0
DA:323,0
DA:329,0
DA:330,0
DA:337,0
DA:339,0
DA:340,0
DA:343,0
DA:346,0
DA:348,0
DA:349,0
DA:352,0
DA:354,0
DA:356,0
DA:357,0
DA:358,0
DA:359,0
DA:360,0
DA:362,0
DA:363,0
DA:364,0
DA:367,0
DA:369,0
DA:374,0
LF:150
LH:1
end_of_record
SF:lib/features/map_view/widgets/layers/viewport_marker_layer.dart
DA:15,0
DA:20,0
DA:25,0
DA:26,0
DA:35,0
DA:37,0
DA:38,0
DA:39,0
DA:40,0
DA:41,0
DA:42,0
DA:43,0
DA:44,0
DA:45,0
DA:46,0
DA:47,0
DA:49,0
DA:53,0
DA:54,0
DA:55,0
DA:56,0
DA:62,0
DA:64,0
DA:65,0
DA:66,0
DA:69,0
DA:70,0
DA:72,0
DA:73,0
DA:74,0
DA:75,0
DA:76,0
DA:79,0
DA:81,0
DA:84,0
DA:85,0
DA:86,0
DA:88,0
DA:90,0
DA:92,0
DA:93,0
DA:95,0
DA:96,0
DA:98,0
DA:103,0
DA:106,0
DA:107,0
DA:110,0
DA:111,0
DA:112,0
DA:114,0
DA:116,0
DA:117,0
DA:118,0
DA:120,0
DA:122,0
DA:123,0
DA:124,0
DA:125,0
DA:132,0
DA:133,0
DA:134,0
DA:135,0
DA:136,0
DA:137,0
DA:139,0
DA:141,0
DA:142,0
DA:143,0
DA:144,0
DA:145,0
DA:146,0
DA:151,0
DA:152,0
DA:158,0
DA:159,0
DA:162,0
DA:163,0
DA:166,0
DA:169,0
DA:171,0
DA:172,0
DA:176,0
DA:178,0
DA:180,0
DA:181,0
DA:183,0
DA:184,0
DA:185,0
DA:186,0
DA:203,0
DA:213,0
DA:214,0
DA:220,0
DA:222,0
DA:223,0
DA:225,0
DA:226,0
DA:227,0
DA:228,0
DA:229,0
DA:230,0
DA:231,0
DA:233,0
DA:234,0
DA:235,0
DA:238,0
DA:239,0
DA:240,0
DA:241,0
DA:242,0
DA:243,0
DA:244,0
DA:245,0
DA:252,0
DA:253,0
DA:255,0
DA:256,0
DA:257,0
DA:258,0
DA:260,0
DA:261,0
DA:262,0
DA:265,0
DA:266,0
DA:267,0
DA:269,0
DA:270,0
DA:278,0
DA:281,0
DA:282,0
DA:283,0
DA:284,0
DA:286,0
DA:287,0
DA:288,0
DA:291,0
DA:293,0
DA:309,0
DA:314,0
DA:316,0
DA:317,0
DA:318,0
DA:319,0
DA:321,0
DA:322,0
DA:323,0
DA:325,0
DA:326,0
DA:327,0
DA:328,0
DA:329,0
DA:332,0
DA:334,0
DA:335,0
DA:336,0
DA:337,0
DA:339,0
DA:341,0
DA:344,0
DA:346,0
LF:161
LH:0
end_of_record
SF:lib/features/map_view/widgets/view/main_view_desktop.dart
DA:24,0
DA:39,0
DA:41,0
DA:42,0
DA:43,0
DA:44,0
DA:47,0
DA:48,0
DA:50,0
DA:51,0
DA:53,0
DA:54,0
DA:55,0
DA:56,0
DA:57,0
DA:58,0
DA:59,0
DA:60,0
DA:63,0
DA:64,0
DA:65,0
DA:66,0
DA:67,0
DA:70,0
DA:71,0
DA:72,0
LF:26
LH:0
end_of_record
SF:lib/features/map_view/widgets/view/main_view_mobile.dart
DA:23,0
DA:38,0
DA:40,0
DA:41,0
DA:42,0
DA:45,0
DA:46,0
DA:48,0
DA:49,0
DA:51,0
DA:52,0
DA:53,0
DA:54,0
DA:55,0
DA:56,0
DA:57,0
DA:58,0
DA:62,0
DA:63,0
DA:64,0
DA:65,0
LF:21
LH:0
end_of_record
SF:lib/features/markers/models/marker.dart
DA:26,12
DA:36,9
DA:38,2
DA:52,2
DA:53,2
DA:54,2
DA:55,2
DA:56,2
DA:57,2
DA:58,1
DA:59,2
DA:60,2
DA:61,2
DA:65,2
DA:66,2
DA:67,2
DA:71,2
DA:72,2
DA:73,2
DA:74,2
DA:75,2
DA:76,2
DA:77,2
DA:78,2
DA:80,8
DA:81,2
DA:82,4
DA:83,4
DA:87,2
DA:88,2
DA:89,2
DA:90,2
DA:91,2
DA:92,2
DA:93,4
DA:94,4
DA:95,2
DA:96,2
DA:97,2
DA:98,2
DA:102,0
DA:103,0
DA:104,0
DA:105,0
DA:106,0
DA:110,0
DA:111,0
DA:112,0
DA:113,0
DA:114,0
DA:115,0
DA:116,0
DA:117,0
DA:120,0
DA:121,0
DA:122,0
DA:126,1
DA:129,1
DA:130,3
DA:131,3
DA:132,3
DA:133,3
DA:134,3
DA:135,3
DA:136,3
DA:137,3
DA:138,3
DA:139,3
DA:141,0
DA:143,0
DA:144,0
DA:145,0
DA:146,0
DA:147,0
DA:148,0
DA:149,0
DA:150,0
DA:151,0
LF:78
LH:52
end_of_record
SF:lib/features/markers/models/marker_photo.dart
DA:13,1
DA:18,1
DA:19,1
DA:21,1
DA:22,1
DA:23,1
DA:24,1
DA:25,1
DA:26,2
DA:30,1
DA:31,1
DA:32,1
DA:33,1
DA:34,1
DA:35,2
DA:39,0
DA:42,0
DA:43,0
DA:44,0
DA:45,0
DA:46,0
DA:48,0
DA:50,0
LF:23
LH:15
end_of_record
SF:lib/features/markers/models/named_icon.dart
DA:8,2
LF:1
LH:1
end_of_record
SF:lib/features/markers/data/marker_photo_repository.dart
DA:14,6
DA:15,2
DA:20,4
DA:21,2
DA:23,0
DA:24,0
DA:27,0
DA:28,0
DA:38,2
DA:40,2
DA:41,4
DA:43,1
DA:47,1
DA:48,5
DA:49,2
DA:50,2
DA:51,1
DA:52,1
DA:55,1
DA:57,2
DA:58,4
DA:62,1
DA:63,2
DA:65,2
DA:66,3
DA:67,5
DA:72,1
DA:73,2
DA:74,2
DA:75,3
DA:77,2
DA:78,4
DA:82,4
DA:83,4
DA:84,6
DA:85,4
DA:86,2
DA:90,4
DA:91,4
DA:92,1
DA:93,3
DA:94,1
LF:42
LH:38
end_of_record
SF:lib/features/markers/data/photo_storage_service.dart
DA:16,0
DA:18,0
DA:21,0
DA:22,0
DA:23,0
DA:24,0
DA:26,0
DA:27,0
DA:32,0
DA:35,0
DA:36,0
DA:37,0
DA:45,0
DA:46,0
DA:47,0
DA:48,0
LF:16
LH:0
end_of_record
SF:lib/features/markers/data/location_repository.dart
DA:16,8
DA:18,0
DA:19,0
DA:23,6
DA:24,2
DA:28,6
DA:29,0
DA:30,0
DA:33,20
DA:34,2
DA:40,2
DA:44,2
DA:48,10
DA:49,10
DA:50,4
DA:52,2
DA:53,10
DA:55,7
DA:56,1
DA:57,2
DA:58,1
DA:59,2
DA:60,6
DA:62,0
DA:67,7
DA:68,2
DA:69,1
DA:74,2
DA:75,2
DA:78,2
DA:79,1
DA:81,2
DA:82,2
DA:84,4
DA:86,0
DA:87,0
DA:91,1
DA:92,1
DA:95,1
DA:97,1
DA:98,1
DA:100,1
DA:101,2
DA:102,1
DA:103,2
DA:105,3
DA:107,2
DA:108,2
DA:111,0
DA:113,1
DA:116,1
DA:120,1
DA:121,2
DA:122,1
DA:124,2
DA:125,2
DA:126,5
DA:127,1
DA:129,1
DA:130,1
DA:131,1
DA:132,1
DA:133,0
DA:138,4
DA:141,1
DA:144,3
DA:145,2
DA:146,1
DA:147,2
DA:148,1
DA:150,2
DA:154,1
DA:161,0
DA:162,0
DA:163,0
DA:164,0
DA:166,0
DA:167,0
DA:171,4
DA:172,1
DA:173,1
DA:175,2
DA:176,1
DA:181,2
DA:182,2
DA:183,8
DA:185,2
DA:188,2
DA:189,2
DA:190,2
DA:192,0
DA:193,0
DA:194,0
DA:198,2
DA:199,2
DA:201,2
DA:202,2
DA:203,2
DA:204,1
DA:208,1
DA:209,1
DA:210,4
DA:211,1
DA:213,1
DA:214,1
DA:215,0
DA:217,0
DA:220,1
DA:221,1
DA:223,0
DA:224,0
DA:225,0
DA:226,0
DA:230,1
DA:231,1
DA:232,4
DA:233,1
DA:235,1
DA:236,2
DA:238,1
DA:239,1
DA:241,2
DA:242,1
DA:243,1
DA:244,1
DA:245,1
DA:253,1
DA:254,1
DA:255,1
DA:256,4
DA:257,1
DA:258,1
DA:259,2
DA:260,1
DA:262,0
DA:264,0
DA:265,0
DA:268,1
DA:269,1
DA:273,1
DA:274,1
DA:275,1
DA:276,2
DA:278,2
DA:279,1
DA:281,0
DA:287,1
DA:288,1
DA:289,1
DA:290,2
DA:292,2
DA:294,2
DA:295,2
DA:298,0
DA:303,1
DA:304,4
DA:305,1
DA:307,1
DA:308,1
DA:309,1
DA:312,1
DA:313,1
DA:314,4
DA:315,1
DA:316,1
DA:318,1
DA:319,1
DA:321,2
DA:322,4
DA:323,1
DA:324,1
DA:326,2
DA:327,2
DA:329,2
DA:330,0
DA:332,2
DA:334,0
DA:335,0
DA:339,1
DA:340,0
DA:343,2
DA:344,2
DA:347,1
DA:349,0
DA:350,0
DA:354,0
DA:355,0
DA:356,0
DA:357,0
DA:360,0
DA:364,0
DA:365,0
DA:367,0
DA:369,0
DA:372,0
DA:373,0
DA:374,0
DA:380,0
DA:381,0
DA:382,0
LF:200
LH:150
end_of_record
SF:lib/features/markers/data/viewport_marker_provider.dart
DA:12,1
DA:14,14
DA:17,6
DA:18,6
DA:20,8
DA:21,2
DA:27,2
DA:29,6
DA:30,3
DA:35,4
DA:36,5
DA:38,1
DA:39,1
DA:40,3
DA:43,5
DA:44,1
DA:47,5
DA:48,5
DA:50,1
DA:51,2
DA:52,4
DA:53,0
DA:54,1
DA:56,0
DA:57,0
DA:59,0
DA:66,5
DA:68,2
DA:70,4
DA:71,1
DA:74,4
DA:75,1
DA:77,2
DA:78,3
DA:79,2
DA:81,0
DA:86,0
DA:87,0
DA:88,0
DA:89,0
DA:92,1
DA:93,2
DA:94,2
LF:43
LH:34
end_of_record
SF:lib/features/markers/data/marker_selection_provider.dart
DA:5,6
DA:6,3
DA:10,3
DA:13,3
DA:15,3
DA:17,3
DA:19,3
DA:20,6
DA:21,4
DA:22,3
DA:25,1
DA:26,2
DA:27,4
DA:30,1
DA:31,2
DA:32,0
DA:33,0
DA:36,3
DA:37,6
DA:38,3
LF:20
LH:18
end_of_record
SF:lib/features/markers/data/icon_service.dart
DA:7,3
DA:31,1
DA:32,1
DA:34,1
DA:35,1
DA:36,1
DA:37,1
DA:38,2
DA:39,0
DA:40,0
DA:41,0
DA:42,0
DA:43,0
DA:44,0
DA:45,0
DA:46,0
DA:47,0
DA:48,0
DA:49,0
DA:50,0
DA:51,0
DA:52,0
DA:56,2
DA:57,2
DA:58,4
DA:59,2
DA:63,2
DA:70,0
DA:71,0
DA:72,0
DA:73,0
DA:74,0
DA:75,0
DA:77,0
DA:81,0
DA:82,0
DA:85,0
LF:37
LH:13
end_of_record
SF:lib/features/markers/widgets/create_location_sheet.dart
DA:18,0
DA:25,0
DA:27,0
DA:38,0
DA:40,0
DA:41,0
DA:42,0
DA:43,0
DA:46,0
DA:48,0
DA:49,0
DA:50,0
DA:53,0
DA:55,0
DA:56,0
DA:57,0
DA:58,0
DA:59,0
DA:60,0
DA:62,0
DA:63,0
DA:64,0
DA:65,0
DA:66,0
DA:69,0
DA:70,0
DA:72,0
DA:73,0
DA:74,0
DA:75,0
DA:77,0
DA:81,0
DA:82,0
DA:83,0
DA:85,0
DA:87,0
DA:88,0
DA:89,0
DA:90,0
DA:91,0
DA:92,0
DA:93,0
DA:96,0
DA:97,0
DA:98,0
DA:99,0
DA:106,0
DA:107,0
DA:108,0
DA:109,0
DA:118,0
DA:119,0
DA:120,0
DA:121,0
DA:124,0
DA:126,0
DA:127,0
DA:128,0
DA:130,0
DA:131,0
DA:132,0
DA:135,0
DA:137,0
DA:138,0
DA:139,0
DA:140,0
DA:141,0
DA:143,0
DA:145,0
DA:149,0
DA:150,0
DA:152,0
DA:153,0
DA:155,0
DA:156,0
DA:159,0
DA:160,0
DA:164,0
DA:165,0
LF:79
LH:0
end_of_record
SF:lib/features/markers/widgets/edit_location_sheet.dart
DA:16,0
DA:18,0
DA:19,0
DA:30,0
DA:32,0
DA:33,0
DA:34,0
DA:35,0
DA:38,0
DA:40,0
DA:41,0
DA:42,0
DA:43,0
DA:45,0
DA:49,0
DA:51,0
DA:52,0
DA:53,0
DA:56,0
DA:58,0
DA:59,0
DA:60,0
DA:61,0
DA:62,0
DA:63,0
DA:65,0
DA:66,0
DA:67,0
DA:68,0
DA:69,0
DA:72,0
DA:73,0
DA:75,0
DA:76,0
DA:77,0
DA:78,0
DA:80,0
DA:84,0
DA:85,0
DA:86,0
DA:88,0
DA:89,0
DA:90,0
DA:91,0
DA:92,0
DA:97,0
DA:98,0
DA:99,0
DA:100,0
DA:109,0
DA:110,0
DA:111,0
DA:112,0
DA:114,0
DA:115,0
DA:116,0
DA:118,0
DA:119,0
DA:122,0
DA:123,0
DA:124,0
DA:126,0
DA:127,0
DA:130,0
DA:131,0
DA:134,0
DA:135,0
DA:141,0
DA:142,0
LF:69
LH:0
end_of_record
SF:lib/features/markers/widgets/icon_selection_page.dart
DA:7,2
DA:9,0
DA:10,0
DA:12,0
DA:13,0
DA:14,0
DA:15,0
DA:27,0
DA:29,0
DA:30,0
DA:31,0
DA:35,0
DA:37,0
DA:38,0
DA:39,0
DA:40,0
DA:41,0
DA:45,0
DA:46,0
DA:47,0
DA:48,0
DA:49,0
DA:50,0
DA:54,0
DA:56,0
DA:57,0
DA:58,0
DA:59,0
DA:61,0
DA:62,0
DA:63,0
DA:65,0
DA:66,0
DA:67,0
DA:69,0
DA:70,0
DA:71,0
DA:73,0
DA:74,0
DA:75,0
DA:81,0
DA:82,0
DA:83,0
DA:84,0
DA:85,0
DA:86,0
DA:87,0
DA:88,0
DA:91,0
DA:92,0
DA:93,0
DA:103,0
DA:105,0
DA:106,0
DA:114,0
DA:120,0
DA:122,0
DA:130,0
DA:131,0
DA:132,0
DA:133,0
DA:134,0
DA:145,0
DA:151,0
DA:153,0
DA:155,0
DA:156,0
DA:157,0
DA:158,0
DA:160,0
DA:161,0
DA:163,0
DA:164,0
DA:166,0
DA:180,0
DA:186,0
DA:188,0
DA:189,0
DA:190,0
DA:191,0
DA:192,0
DA:193,0
DA:194,0
DA:195,0
LF:84
LH:1
end_of_record
SF:lib/features/markers/widgets/marker_info_sheet.dart
DA:29,1
DA:31,1
DA:32,1
DA:39,1
DA:41,1
DA:42,3
DA:45,1
DA:47,1
DA:48,2
DA:49,2
DA:50,1
DA:51,3
DA:52,0
DA:53,2
DA:54,4
DA:56,1
DA:57,2
DA:58,1
DA:59,1
DA:62,1
DA:64,1
DA:65,1
DA:66,1
DA:69,1
DA:70,1
DA:73,1
DA:74,1
DA:75,1
DA:80,1
DA:81,1
DA:82,2
DA:83,1
DA:88,1
DA:89,2
DA:91,1
DA:98,1
DA:99,1
DA:100,1
DA:101,1
DA:103,2
DA:104,4
DA:105,4
DA:106,2
DA:107,1
DA:113,2
DA:114,4
DA:116,1
DA:117,2
DA:118,1
DA:122,1
DA:123,1
DA:124,2
DA:125,2
DA:127,3
DA:129,1
DA:130,1
DA:131,1
DA:133,2
DA:135,1
DA:137,1
DA:144,1
DA:148,1
DA:149,1
DA:151,1
DA:152,1
DA:154,1
DA:156,1
DA:157,1
DA:160,1
DA:163,0
DA:165,1
DA:167,1
DA:168,1
DA:170,1
DA:174,1
DA:176,1
DA:178,1
DA:179,2
DA:193,0
DA:194,0
DA:195,0
DA:198,0
DA:199,0
DA:202,0
DA:206,0
DA:207,0
DA:208,0
DA:210,0
DA:211,0
DA:212,0
DA:215,0
DA:217,0
DA:220,0
DA:227,0
DA:230,0
DA:231,0
DA:233,0
DA:234,0
DA:238,0
DA:239,0
DA:240,0
DA:241,0
DA:243,0
DA:248,1
DA:249,2
DA:250,4
DA:251,3
DA:254,5
DA:255,3
DA:260,5
DA:261,1
DA:262,1
DA:263,1
DA:264,1
DA:265,1
DA:267,1
DA:270,3
DA:271,1
DA:272,3
DA:276,0
DA:277,0
DA:278,0
DA:281,0
DA:283,0
DA:284,0
DA:288,0
DA:289,0
DA:290,0
DA:296,0
DA:300,1
DA:301,2
DA:302,1
DA:303,1
DA:304,1
DA:305,1
DA:306,1
DA:309,1
DA:313,1
DA:314,2
DA:315,3
DA:317,1
DA:318,3
DA:319,3
DA:320,1
DA:321,3
DA:322,2
DA:324,2
DA:326,1
DA:327,3
DA:330,0
DA:331,0
DA:334,1
DA:335,3
DA:345,1
DA:347,1
DA:349,1
DA:350,2
DA:351,2
DA:352,1
DA:353,1
DA:354,2
DA:355,2
DA:356,1
DA:358,1
DA:360,1
DA:361,1
DA:362,1
DA:363,1
DA:364,1
DA:367,1
DA:369,2
DA:370,1
DA:372,2
DA:375,0
DA:376,0
DA:377,0
DA:378,0
DA:380,0
DA:381,0
DA:384,0
DA:385,0
DA:387,0
DA:388,0
DA:390,0
DA:394,0
DA:395,0
DA:399,0
DA:407,0
DA:416,1
DA:418,1
DA:421,1
DA:422,4
DA:424,1
DA:425,1
DA:426,0
DA:427,1
DA:428,1
DA:429,0
DA:431,0
DA:433,0
DA:435,0
DA:436,0
DA:437,0
DA:448,0
DA:450,0
DA:452,0
DA:453,0
DA:454,0
DA:455,0
DA:456,0
DA:457,0
DA:461,0
DA:464,0
DA:472,0
DA:473,0
DA:474,0
DA:476,0
DA:479,0
DA:480,0
DA:481,0
DA:488,0
DA:490,0
DA:492,0
DA:494,0
DA:497,0
DA:498,0
DA:500,0
DA:505,0
DA:506,0
DA:507,0
LF:230
LH:142
end_of_record
SF:lib/features/markers/widgets/markers_list_page.dart
DA:12,2
DA:14,0
DA:16,0
DA:17,0
DA:18,0
DA:19,0
DA:21,0
DA:22,0
DA:23,0
DA:24,0
DA:25,0
DA:26,0
DA:27,0
[...]
DA:15,18
DA:16,9
DA:24,3
DA:26,0
DA:30,12
DA:31,3
DA:42,3
DA:53,3
DA:54,3
DA:56,12
DA:57,12
DA:58,3
DA:59,3
DA:61,3
DA:71,3
DA:74,3
DA:75,6
DA:76,12
DA:78,6
DA:79,3
DA:80,3
DA:81,3
DA:83,3
DA:84,3
DA:85,3
DA:88,3
DA:89,3
DA:96,0
DA:98,0
DA:99,0
DA:100,0
DA:101,0
DA:103,0
DA:106,0
DA:109,0
DA:110,0
DA:111,0
DA:113,0
DA:116,0
DA:118,0
DA:120,0
DA:121,0
DA:122,0
DA:124,0
DA:126,0
DA:128,0
DA:129,0
DA:131,0
DA:132,0
DA:135,2
DA:139,4
DA:140,6
DA:142,2
DA:143,8
DA:144,6
DA:145,4
DA:146,2
DA:148,2
DA:149,8
DA:150,2
DA:153,4
DA:156,8
DA:157,4
DA:159,2
DA:160,4
DA:162,2
DA:163,4
DA:166,2
DA:167,2
DA:168,4
DA:172,2
DA:175,4
DA:176,2
DA:177,8
DA:178,2
DA:182,8
DA:184,4
DA:187,8
DA:188,4
DA:190,2
DA:194,2
DA:196,2
DA:198,2
DA:199,2
DA:200,4
DA:203,1
DA:205,3
DA:206,1
DA:207,2
DA:212,3
DA:214,9
DA:215,9
DA:216,9
DA:217,21
DA:220,3
DA:222,3
DA:226,6
DA:227,3
DA:228,6
DA:229,6
DA:233,9
DA:234,9
DA:235,12
DA:236,12
DA:238,9
DA:240,12
DA:241,12
DA:242,6
LF:108
LH:85
end_of_record
SF:lib/features/tile_storage/offline_regions/data/download_orchestrator.dart
DA:16,8
DA:18,4
DA:19,4
DA:20,4
DA:23,4
DA:24,7
DA:27,6
DA:31,6
DA:32,0
DA:33,0
DA:37,2
DA:38,2
DA:39,2
DA:40,2
DA:41,6
DA:45,2
DA:46,6
DA:69,2
DA:79,4
DA:83,2
DA:89,2
DA:90,2
DA:91,2
DA:92,4
DA:93,8
DA:94,2
DA:97,2
DA:98,4
DA:99,4
DA:100,2
DA:103,2
DA:104,4
DA:107,2
DA:108,0
DA:111,0
DA:112,0
DA:113,0
DA:116,2
DA:120,4
DA:123,6
DA:124,2
DA:126,4
DA:127,4
DA:128,4
DA:130,4
DA:136,2
DA:140,2
DA:141,4
DA:142,8
DA:145,6
DA:147,6
DA:149,2
DA:151,8
DA:152,4
DA:153,6
DA:155,0
DA:158,4
DA:161,1
DA:162,2
DA:163,2
DA:164,3
DA:165,3
DA:168,0
DA:169,0
DA:170,0
DA:171,0
DA:176,2
DA:177,3
DA:179,4
DA:180,4
DA:182,2
DA:183,2
DA:188,2
DA:189,4
DA:190,4
DA:191,6
DA:192,2
DA:193,8
DA:194,6
LF:79
LH:68
end_of_record
SF:lib/features/tile_storage/offline_regions/widgets/download_progress_toolbar.dart
DA:12,0
DA:18,0
DA:20,0
DA:21,0
DA:22,0
DA:26,0
DA:27,0
DA:28,0
DA:31,0
DA:33,0
DA:34,0
DA:35,0
DA:37,0
DA:39,0
DA:40,0
DA:41,0
DA:42,0
DA:43,0
DA:50,0
DA:51,0
DA:53,0
DA:54,0
DA:55,0
DA:56,0
DA:61,0
DA:62,0
DA:63,0
DA:67,0
DA:69,0
DA:70,0
LF:30
LH:0
end_of_record
SF:lib/features/tile_storage/offline_regions/widgets/offline_regions_page.dart
DA:13,2
DA:15,1
DA:17,1
DA:18,2
DA:21,0
DA:22,0
DA:23,0
DA:24,0
DA:25,0
DA:26,0
DA:28,0
DA:31,0
DA:32,0
DA:35,0
DA:38,0
DA:39,0
DA:41,0
DA:46,0
DA:47,0
DA:49,0
DA:51,0
DA:61,1
DA:62,1
DA:63,2
DA:64,1
DA:65,1
DA:66,1
DA:68,0
DA:69,0
DA:77,1
DA:78,1
DA:79,1
DA:80,1
DA:81,1
DA:83,1
DA:84,1
DA:86,4
DA:88,3
DA:94,1
DA:96,1
DA:97,1
DA:98,1
DA:99,1
DA:103,1
DA:104,0
DA:105,0
DA:107,0
DA:108,0
DA:114,1
DA:115,0
DA:116,0
DA:117,0
DA:119,0
DA:120,0
DA:121,0
DA:122,0
DA:124,0
DA:128,2
DA:138,1
DA:140,1
DA:142,2
DA:143,3
DA:145,3
DA:146,5
DA:148,1
DA:150,1
DA:153,1
DA:154,1
DA:155,3
DA:156,2
DA:158,3
DA:159,1
DA:161,1
DA:162,1
DA:163,7
DA:164,3
DA:165,0
DA:167,0
DA:168,0
DA:171,6
DA:173,0
DA:174,0
DA:175,0
DA:176,0
DA:179,3
DA:180,0
DA:182,0
DA:183,0
DA:188,1
DA:189,2
DA:190,3
DA:196,1
DA:201,1
DA:202,1
DA:204,2
DA:205,1
DA:206,1
DA:209,2
DA:213,1
DA:214,2
DA:216,1
DA:217,0
DA:218,1
DA:219,1
DA:220,0
DA:221,0
DA:222,0
DA:223,0
DA:224,0
DA:225,0
DA:229,1
DA:230,2
DA:231,2
DA:232,1
DA:233,1
DA:234,0
DA:236,0
DA:237,0
DA:239,0
DA:240,0
DA:242,0
DA:243,0
DA:244,0
DA:246,0
DA:251,1
DA:252,0
DA:253,1
DA:254,3
DA:256,0
DA:257,2
DA:258,0
DA:259,0
DA:260,0
DA:261,0
DA:266,0
DA:268,0
DA:269,0
DA:273,0
DA:277,0
DA:279,0
DA:280,0
DA:281,0
DA:282,0
DA:284,0
LF:144
LH:71
end_of_record
SF:lib/features/tile_storage/offline_regions/widgets/region_creation_page.dart
DA:24,0
DA:31,0
DA:32,0
DA:47,0
DA:49,0
DA:50,0
DA:51,0
DA:54,0
DA:56,0
DA:57,0
DA:58,0
DA:61,0
DA:62,0
DA:63,0
DA:67,0
DA:68,0
DA:69,0
DA:73,0
DA:74,0
DA:75,0
DA:76,0
DA:77,0
DA:81,0
DA:82,0
DA:83,0
DA:86,0
DA:87,0
DA:88,0
DA:89,0
DA:90,0
DA:91,0
DA:92,0
DA:93,0
DA:97,0
DA:98,0
DA:99,0
DA:100,0
DA:101,0
DA:103,0
DA:104,0
DA:105,0
DA:106,0
DA:108,0
DA:113,0
DA:114,0
DA:115,0
DA:116,0
DA:117,0
DA:121,0
DA:122,0
DA:123,0
DA:124,0
DA:128,0
DA:129,0
DA:130,0
DA:131,0
DA:132,0
DA:133,0
DA:136,0
DA:137,0
DA:142,0
DA:143,0
DA:144,0
DA:145,0
DA:146,0
DA:148,0
DA:149,0
DA:150,0
DA:151,0
DA:154,0
DA:155,0
DA:156,0
DA:157,0
DA:158,0
DA:159,0
DA:160,0
DA:162,0
DA:165,0
DA:168,0
DA:169,0
DA:170,0
DA:171,0
DA:173,0
DA:174,0
DA:175,0
DA:176,0
DA:178,0
DA:179,0
DA:180,0
DA:182,0
DA:183,0
DA:184,0
DA:186,0
DA:187,0
DA:188,0
DA:191,0
DA:194,0
DA:196,0
DA:197,0
DA:198,0
DA:200,0
DA:201,0
DA:202,0
DA:203,0
DA:204,0
DA:205,0
DA:206,0
DA:207,0
DA:208,0
DA:209,0
DA:210,0
DA:212,0
DA:214,0
DA:216,0
DA:217,0
DA:218,0
DA:219,0
DA:220,0
DA:221,0
DA:222,0
DA:223,0
DA:230,0
DA:231,0
DA:232,0
DA:233,0
DA:239,0
DA:240,0
DA:242,0
DA:248,0
DA:252,0
DA:253,0
DA:254,0
DA:255,0
DA:256,0
DA:257,0
DA:258,0
DA:259,0
DA:261,0
DA:262,0
DA:263,0
DA:267,0
DA:285,0
DA:291,0
DA:293,0
DA:294,0
DA:295,0
DA:296,0
DA:297,0
DA:299,0
DA:302,0
DA:303,0
DA:305,0
DA:323,0
DA:332,0
DA:334,0
DA:335,0
DA:337,0
DA:341,0
DA:342,0
DA:345,0
DA:347,0
DA:349,0
DA:351,0
DA:352,0
DA:356,0
DA:359,0
DA:360,0
DA:363,0
DA:365,0
DA:366,0
DA:367,0
DA:371,0
DA:372,0
DA:376,0
DA:377,0
DA:380,0
DA:382,0
DA:383,0
DA:385,0
DA:386,0
DA:387,0
DA:390,0
DA:393,0
DA:394,0
DA:396,0
DA:397,0
DA:398,0
DA:399,0
LF:188
LH:0
end_of_record
SF:lib/features/tile_storage/offline_regions/data/region_repository.dart
DA:7,12
DA:9,9
DA:10,3
DA:17,4
DA:19,4
DA:20,8
DA:22,4
DA:28,2
DA:29,4
DA:31,2
DA:34,2
DA:36,6
DA:37,6
DA:40,4
DA:41,8
DA:42,10
DA:45,0
DA:46,0
DA:52,1
DA:53,1
DA:54,2
DA:56,1
DA:58,1
DA:60,4
DA:61,1
DA:62,3
LF:26
LH:24
end_of_record
SF:lib/features/tile_storage/offline_regions/data/tile_job_queue.dart
DA:7,16
DA:9,12
DA:10,4
DA:18,4
DA:20,4
DA:21,8
DA:22,8
DA:23,4
DA:25,4
DA:29,4
DA:32,3
DA:35,9
DA:36,3
DA:39,6
DA:44,3
DA:45,3
DA:46,3
DA:48,3
DA:49,3
DA:51,3
DA:52,3
DA:54,3
DA:55,6
DA:58,3
DA:59,3
DA:60,3
DA:61,3
DA:62,3
DA:63,3
DA:67,3
DA:68,3
DA:70,6
DA:80,3
DA:81,6
DA:84,15
DA:88,2
DA:89,4
DA:90,4
DA:93,10
DA:96,4
DA:98,4
DA:100,10
DA:105,2
DA:108,6
DA:110,4
DA:112,4
DA:114,4
DA:118,2
DA:119,6
DA:120,2
DA:124,0
DA:125,0
LF:52
LH:50
end_of_record
SF:lib/features/tile_storage/offline_regions/models/tile_download_job.dart
DA:18,4
DA:31,4
DA:32,4
DA:33,4
DA:34,4
DA:35,4
DA:36,4
DA:37,4
DA:38,4
DA:39,4
DA:44,3
DA:45,3
DA:46,3
DA:47,3
DA:48,3
DA:49,3
DA:50,3
DA:51,3
DA:52,6
DA:53,3
DA:54,3
DA:56,5
DA:60,3
DA:66,3
DA:67,3
DA:68,3
DA:69,3
DA:70,3
DA:71,3
DA:72,3
DA:73,1
DA:74,0
LF:32
LH:31
end_of_record
SF:lib/features/tile_storage/offline_regions/data/offline_tile_provider.dart
DA:16,1
DA:19,2
DA:21,0
DA:23,0
DA:24,0
DA:30,0
LF:6
LH:2
end_of_record
SF:lib/features/tile_storage/offline_regions/widgets/download_details_sheet.dart
DA:16,2
DA:18,2
DA:20,2
DA:33,2
DA:35,2
DA:36,6
DA:37,2
DA:38,10
DA:40,2
DA:44,2
DA:45,2
DA:46,6
DA:47,4
DA:48,4
DA:50,4
DA:51,4
DA:52,4
DA:53,2
DA:54,2
DA:56,2
DA:61,8
DA:63,0
DA:65,2
DA:68,2
DA:71,10
DA:74,4
DA:75,2
DA:76,4
DA:77,4
DA:79,4
DA:80,10
DA:81,10
DA:84,2
DA:87,2
DA:88,2
DA:92,16
DA:93,2
DA:94,8
DA:95,8
DA:96,2
DA:97,12
DA:98,2
DA:99,12
DA:100,20
DA:102,4
DA:103,2
DA:104,8
DA:108,2
DA:109,6
DA:110,2
DA:115,12
DA:119,10
DA:120,6
DA:121,4
DA:122,6
DA:123,6
DA:124,2
DA:125,2
DA:126,4
DA:129,2
DA:133,3
DA:134,5
DA:138,10
DA:141,2
DA:143,2
DA:144,6
DA:145,4
DA:146,4
DA:147,4
DA:148,2
DA:149,2
DA:151,2
DA:152,2
DA:153,2
DA:154,2
DA:158,8
DA:159,2
DA:160,2
DA:161,2
DA:164,2
DA:165,4
DA:166,6
DA:168,2
DA:169,2
DA:170,2
DA:171,2
DA:172,5
DA:175,2
DA:176,2
DA:178,2
DA:179,4
DA:180,6
DA:182,2
DA:183,2
DA:185,2
DA:186,8
DA:187,4
DA:189,2
DA:190,0
DA:191,0
DA:192,0
DA:194,0
DA:197,2
DA:199,2
DA:201,2
DA:202,2
DA:203,6
DA:205,2
DA:208,2
DA:209,4
DA:215,4
DA:216,2
DA:217,0
DA:218,2
DA:221,4
DA:224,2
DA:229,0
DA:230,2
DA:231,2
DA:232,14
DA:233,6
DA:234,2
DA:235,2
DA:236,2
DA:237,2
DA:238,8
DA:239,10
DA:240,8
DA:241,0
DA:242,0
DA:243,0
DA:246,2
DA:247,2
DA:249,2
DA:250,10
DA:252,6
DA:255,2
DA:256,2
DA:257,2
DA:259,2
LF:140
LH:130
end_of_record
SF:lib/features/tile_storage/tile_store/data/tile_store_service.dart
DA:17,12
DA:18,0
DA:19,0
DA:30,0
DA:45,5
DA:47,2
DA:48,4
DA:49,0
DA:51,4
DA:53,2
DA:55,4
DA:59,0
DA:60,0
DA:61,0
DA:62,0
DA:63,0
DA:65,0
DA:69,3
DA:70,3
DA:71,3
DA:74,6
DA:75,6
DA:76,6
DA:81,3
DA:83,1
DA:89,2
DA:91,2
DA:92,2
DA:93,2
DA:94,2
DA:98,2
DA:100,2
DA:101,2
DA:102,2
DA:104,2
DA:106,4
DA:107,2
DA:109,2
DA:110,2
DA:112,4
DA:114,2
DA:116,2
DA:117,2
DA:118,2
DA:120,2
DA:121,4
DA:126,0
DA:131,2
DA:132,4
DA:135,2
DA:136,4
DA:137,2
DA:138,4
DA:139,4
DA:140,2
DA:142,2
DA:144,0
DA:148,4
DA:151,1
DA:152,1
DA:153,1
DA:154,2
DA:155,6
DA:157,1
DA:161,1
DA:163,2
DA:165,4
DA:168,1
DA:170,2
DA:172,4
DA:175,4
DA:176,8
DA:177,4
DA:180,4
DA:181,16
DA:182,0
DA:186,3
DA:188,6
DA:190,3
DA:192,12
DA:196,3
DA:197,2
DA:198,1
DA:200,1
DA:202,2
DA:204,3
DA:206,4
DA:208,1
DA:211,0
DA:212,0
DA:215,0
DA:219,0
DA:225,2
DA:227,2
DA:228,2
DA:231,2
DA:232,2
DA:234,4
DA:236,2
DA:238,2
DA:239,2
DA:240,2
DA:242,2
DA:243,4
DA:248,0
DA:252,1
DA:254,2
DA:256,1
DA:257,1
DA:258,3
DA:261,0
DA:268,4
DA:269,8
DA:270,0
DA:273,4
DA:275,4
DA:276,12
DA:277,16
DA:280,4
DA:281,16
LF:120
LH:100
end_of_record
SF:lib/features/tile_storage/tile_store/models/storage_stats.dart
DA:8,1
DA:16,3
LF:2
LH:2
end_of_record
SF:lib/features/tile_storage/tile_store/models/tile_record.dart
DA:15,0
DA:26,0
DA:27,0
DA:28,0
DA:29,0
DA:30,0
DA:31,0
DA:32,0
DA:33,0
DA:34,0
DA:35,0
LF:11
LH:0
end_of_record
SF:lib/features/tile_storage/tile_store/utils/tile_provider_id_sanitizer.dart
DA:3,4
DA:5,8
DA:6,8
LF:3
LH:3
end_of_record
SF:lib/features/weather/models/weather_symbol.dart
DA:105,7
DA:107,5
DA:108,5
DA:111,5
DA:112,5
DA:117,9
DA:121,2
DA:122,2
DA:123,8
DA:126,0
DA:129,0
DA:130,0
DA:131,0
DA:133,0
DA:134,0
DA:136,0
DA:137,0
LF:17
LH:9
end_of_record
SF:lib/features/weather/models/weather_forecast.dart
DA:22,7
DA:37,3
DA:39,2
DA:40,2
DA:42,2
DA:43,2
DA:44,2
DA:46,2
DA:49,2
DA:50,2
DA:51,4
DA:54,2
DA:55,2
DA:56,2
DA:58,2
DA:60,2
DA:61,6
DA:62,4
DA:63,4
DA:64,4
DA:65,4
DA:66,4
DA:67,4
DA:68,4
DA:69,4
DA:70,2
DA:71,2
DA:72,2
DA:85,4
DA:93,2
DA:94,2
DA:96,2
DA:97,4
DA:98,2
DA:100,2
DA:101,6
DA:102,4
DA:103,4
DA:104,4
DA:105,4
DA:118,3
DA:151,8
DA:165,12
DA:166,0
DA:167,6
DA:171,2
DA:172,4
DA:173,0
DA:174,0
DA:180,1
DA:181,2
DA:182,3
DA:186,0
DA:188,5
DA:189,16
DA:191,0
DA:195,3
DA:196,6
DA:197,3
DA:198,6
DA:199,6
DA:200,12
DA:201,12
DA:203,9
DA:204,3
DA:205,3
DA:206,6
DA:210,3
DA:216,6
DA:217,9
DA:218,9
DA:219,3
DA:220,9
DA:221,6
DA:222,3
DA:227,3
DA:231,9
DA:236,1
DA:249,1
DA:250,1
DA:251,1
DA:253,1
DA:254,0
DA:256,1
DA:257,1
DA:258,1
DA:259,0
DA:260,1
DA:261,1
DA:262,1
LF:90
LH:83
end_of_record
SF:lib/features/weather/models/tide_forecast.dart
DA:10,2
DA:29,2
DA:36,0
DA:39,1
DA:40,1
DA:41,1
DA:42,3
DA:48,0
DA:49,0
DA:50,0
DA:51,0
DA:57,1
DA:58,1
DA:59,3
DA:60,3
DA:61,3
LF:16
LH:11
end_of_record
SF:lib/features/weather/models/sun_event.dart
DA:19,1
DA:29,1
DA:30,1
DA:31,1
DA:32,1
DA:33,1
DA:35,1
DA:36,1
DA:51,1
DA:52,1
DA:54,4
DA:55,3
DA:58,1
LF:13
LH:13
end_of_record
SF:lib/features/weather/models/met_alert.dart
DA:39,1
DA:49,1
DA:51,2
DA:54,2
DA:55,1
DA:56,0
LF:6
LH:5
end_of_record
SF:lib/features/weather/data/yr_atmospheric_service.dart
DA:15,5
DA:16,0
DA:17,0
DA:26,4
DA:45,3
DA:46,0
DA:48,3
DA:53,6
DA:54,6
DA:55,6
DA:58,3
DA:59,6
DA:60,6
DA:62,2
DA:65,6
DA:66,3
DA:68,6
DA:73,1
DA:74,1
DA:75,2
DA:76,1
DA:80,6
DA:81,1
DA:85,12
DA:86,1
DA:87,1
DA:88,3
DA:92,6
DA:93,3
DA:94,3
DA:95,3
DA:97,3
DA:98,3
DA:99,1
DA:102,3
DA:104,6
DA:105,6
DA:109,3
DA:110,3
DA:113,2
DA:114,0
DA:118,9
LF:42
LH:38
end_of_record
SF:lib/features/weather/data/yr_ocean_service.dart
DA:17,2
DA:37,3
DA:39,3
DA:44,6
DA:45,6
DA:46,6
DA:49,3
DA:50,6
DA:51,6
DA:53,2
DA:56,6
DA:57,3
DA:59,6
DA:61,1
DA:62,1
DA:63,2
DA:64,1
DA:68,8
DA:72,2
DA:73,1
DA:74,1
DA:75,3
DA:78,4
DA:79,0
DA:80,0
DA:81,0
DA:85,2
DA:86,1
DA:87,1
DA:88,1
DA:90,1
DA:92,1
DA:93,1
DA:94,1
DA:96,1
DA:98,2
DA:99,2
DA:103,1
DA:104,1
DA:107,2
DA:108,0
DA:112,0
LF:42
LH:37
end_of_record
SF:lib/features/weather/data/kartverket_tide_service.dart
DA:22,3
DA:23,1
DA:25,2
DA:26,4
DA:27,2
DA:28,2
DA:30,4
DA:31,4
DA:32,4
DA:33,2
DA:34,2
DA:46,4
DA:52,2
DA:57,8
DA:61,2
DA:62,1
DA:66,1
DA:67,1
DA:71,2
DA:72,1
DA:74,1
DA:75,2
DA:76,1
DA:77,1
DA:78,1
DA:80,1
DA:81,1
DA:83,1
DA:85,2
DA:86,1
DA:91,1
DA:92,5
DA:94,1
DA:95,1
DA:98,1
DA:102,1
DA:104,1
DA:105,1
DA:106,1
DA:108,1
DA:109,0
DA:110,0
DA:116,1
DA:117,2
DA:118,1
DA:125,2
DA:126,4
DA:127,6
DA:128,12
DA:129,8
DA:136,2
DA:137,6
DA:138,6
DA:139,4
DA:140,4
DA:143,2
DA:145,4
DA:147,8
LF:58
LH:56
end_of_record
SF:lib/features/weather/data/yr_sunrise_service.dart
DA:20,4
DA:45,3
DA:49,3
DA:56,2
DA:57,12
DA:58,6
DA:60,3
DA:61,3
DA:66,6
DA:67,6
DA:68,3
DA:70,3
DA:77,3
DA:85,6
DA:86,3
DA:87,3
DA:90,6
DA:91,1
DA:93,3
DA:94,3
DA:97,6
DA:98,1
DA:106,3
DA:109,0
DA:114,3
DA:121,6
DA:122,6
DA:123,6
DA:127,3
DA:128,6
DA:129,6
DA:131,0
DA:134,6
DA:135,3
DA:137,6
DA:138,12
DA:140,0
DA:141,0
DA:142,0
DA:143,0
DA:146,3
DA:147,6
DA:148,6
DA:149,6
DA:153,3
DA:154,3
DA:155,3
DA:157,2
DA:158,2
DA:159,2
DA:160,2
DA:166,1
DA:167,1
DA:169,1
DA:171,1
DA:173,1
DA:184,3
DA:185,3
DA:186,3
DA:188,1
DA:189,1
DA:191,2
DA:192,2
DA:193,2
DA:197,1
DA:198,1
DA:199,1
DA:201,1
DA:204,3
DA:205,9
DA:206,9
DA:207,6
DA:210,3
DA:211,3
DA:212,3
DA:213,9
DA:214,12
DA:215,3
DA:218,3
DA:219,3
DA:222,0
DA:223,0
DA:227,9
DA:235,3
LF:84
LH:76
end_of_record
SF:lib/features/weather/data/metalerts_service.dart
DA:16,4
DA:37,3
DA:39,3
DA:43,6
DA:44,6
DA:45,6
DA:47,3
DA:50,3
DA:51,3
DA:52,6
DA:53,6
DA:55,0
DA:58,6
DA:59,3
DA:61,6
DA:62,0
DA:64,0
DA:65,0
DA:68,12
DA:69,1
DA:70,1
DA:71,3
DA:75,6
DA:76,3
DA:77,3
DA:79,3
DA:80,4
DA:81,1
DA:82,1
DA:83,1
DA:86,3
DA:88,6
DA:89,6
DA:93,1
DA:94,1
DA:96,2
DA:99,3
DA:100,1
DA:101,1
DA:102,1
DA:103,1
DA:104,1
DA:106,1
DA:108,3
DA:109,2
DA:112,2
DA:114,1
DA:125,1
DA:126,1
DA:128,1
DA:129,0
DA:137,1
DA:138,1
DA:139,1
DA:140,1
DA:141,1
DA:144,1
DA:145,2
DA:146,0
DA:147,0
DA:148,0
DA:149,0
DA:153,1
DA:154,1
DA:155,3
DA:156,5
DA:160,3
DA:161,3
DA:164,0
DA:165,0
DA:169,9
LF:71
LH:60
end_of_record
SF:lib/features/weather/data/weather_fetcher.dart
DA:24,3
DA:31,3
DA:35,6
DA:37,1
DA:40,1
DA:41,1
DA:42,1
DA:43,1
DA:46,3
DA:47,3
DA:48,3
DA:55,3
DA:57,6
DA:58,3
DA:59,1
DA:60,3
DA:61,1
DA:62,3
DA:63,1
DA:64,3
DA:65,3
DA:66,3
DA:70,3
DA:73,6
DA:75,1
DA:76,2
DA:78,1
DA:79,1
DA:81,1
DA:82,1
DA:86,1
DA:96,3
DA:98,6
DA:100,0
DA:110,3
DA:112,6
DA:114,0
LF:37
LH:35
end_of_record
SF:lib/features/weather/data/weather_notifier.dart
DA:11,0
DA:12,0
DA:14,0
DA:15,0
DA:17,0
DA:18,0
DA:20,0
DA:21,0
DA:23,18
DA:24,0
DA:25,0
DA:26,0
DA:27,0
DA:28,0
DA:40,18
DA:46,6
DA:51,6
DA:53,6
DA:54,0
DA:55,6
DA:56,12
DA:57,12
DA:58,6
DA:63,1
DA:64,1
DA:65,2
DA:66,1
LF:27
LH:13
end_of_record
SF:lib/features/weather/data/tide_notifier.dart
DA:7,4
DA:8,4
DA:13,6
DA:19,2
DA:24,2
DA:26,2
DA:27,0
DA:30,10
DA:31,2
DA:38,0
DA:39,0
DA:40,0
DA:41,0
LF:13
LH:8
end_of_record
SF:lib/features/weather/widgets/weather_summary_row.dart
DA:21,4
DA:27,4
DA:29,16
DA:30,4
DA:31,4
DA:32,2
DA:33,0
DA:34,0
DA:35,0
DA:37,4
DA:38,4
DA:40,6
DA:41,2
DA:43,0
DA:45,0
DA:46,0
DA:60,2
DA:66,2
DA:68,4
DA:69,4
DA:70,2
DA:71,2
DA:72,2
DA:73,2
DA:75,2
DA:76,2
DA:78,3
DA:80,2
DA:82,2
DA:83,2
DA:84,6
DA:86,2
DA:87,8
DA:88,4
DA:90,2
DA:94,2
DA:95,2
DA:97,4
DA:98,2
DA:102,2
DA:104,2
DA:115,2
DA:117,4
DA:119,8
DA:120,4
DA:123,4
DA:124,4
DA:125,4
DA:128,4
DA:129,4
DA:130,4
DA:133,4
DA:135,4
DA:139,4
DA:140,8
DA:141,16
DA:142,4
DA:153,1
DA:155,1
DA:157,1
DA:158,2
DA:159,1
DA:160,1
DA:161,1
DA:162,1
DA:164,1
DA:165,1
DA:166,1
DA:168,1
DA:169,1
DA:170,2
DA:172,3
DA:173,1
DA:174,1
DA:175,2
LF:75
LH:69
end_of_record
SF:lib/features/weather/widgets/weather_detail_sheet.dart
DA:19,2
DA:20,2
DA:26,4
DA:36,2
DA:38,2
DA:40,4
DA:41,2
DA:46,2
DA:47,2
DA:48,2
DA:49,2
DA:53,2
DA:54,2
DA:56,6
DA:58,2
DA:59,2
DA:60,4
DA:81,2
DA:87,2
DA:89,2
DA:100,2
DA:102,2
DA:103,4
DA:106,2
DA:108,4
DA:109,2
DA:112,2
DA:114,12
DA:115,12
DA:116,6
DA:117,2
DA:118,2
DA:119,0
DA:120,4
DA:124,1
DA:127,0
DA:128,0
DA:129,0
DA:130,0
DA:131,0
DA:133,0
DA:135,0
DA:136,0
DA:138,0
DA:140,0
DA:141,0
DA:142,0
DA:143,0
DA:144,0
DA:152,2
DA:154,6
DA:155,2
DA:156,8
DA:157,2
DA:158,8
DA:160,4
DA:161,6
DA:162,2
DA:163,2
DA:164,2
DA:166,6
DA:167,2
DA:168,2
DA:169,2
DA:172,2
DA:173,2
DA:177,2
DA:178,0
DA:180,0
DA:182,2
DA:184,2
DA:185,4
DA:186,4
DA:190,0
DA:191,2
DA:192,2
DA:195,4
DA:197,2
DA:198,2
DA:201,1
DA:202,3
DA:203,2
DA:210,2
DA:211,2
DA:212,2
DA:213,2
DA:214,4
DA:215,2
DA:216,4
DA:217,2
DA:220,4
DA:222,6
DA:230,4
DA:235,3
DA:240,2
DA:241,2
DA:243,2
DA:245,2
DA:246,2
DA:249,2
DA:250,8
DA:253,2
DA:263,2
DA:265,2
DA:267,4
DA:268,4
DA:269,2
DA:271,2
DA:272,2
DA:273,2
DA:274,2
DA:276,2
DA:277,2
DA:278,2
DA:279,2
DA:282,2
DA:283,4
DA:284,2
DA:285,4
DA:290,2
DA:292,4
DA:293,0
DA:305,2
DA:311,2
DA:313,2
DA:316,2
DA:319,4
DA:320,2
DA:321,4
DA:322,4
DA:323,4
DA:324,3
DA:335,2
DA:341,2
DA:343,4
DA:344,4
DA:345,2
DA:346,2
DA:347,2
DA:348,6
DA:349,8
DA:350,2
DA:352,2
DA:354,2
DA:355,2
DA:356,2
DA:359,2
DA:361,2
DA:362,2
DA:363,4
DA:365,6
DA:367,2
DA:368,14
DA:369,4
DA:383,2
DA:389,2
DA:391,2
DA:394,2
DA:397,4
DA:398,1
DA:399,2
DA:400,4
DA:401,2
DA:402,6
DA:403,4
DA:404,3
DA:405,2
DA:406,4
DA:413,2
DA:415,2
DA:416,1
DA:420,2
DA:421,2
DA:423,4
DA:424,2
DA:435,2
DA:443,2
DA:445,4
DA:446,1
DA:447,1
DA:448,1
DA:449,1
DA:450,1
DA:453,4
DA:454,10
DA:455,2
DA:456,2
DA:457,0
DA:459,2
DA:460,8
DA:461,2
DA:464,2
DA:465,2
DA:466,6
DA:477,1
DA:484,1
DA:487,8
DA:488,3
DA:490,1
DA:491,0
DA:494,1
DA:496,1
DA:499,1
DA:500,2
DA:501,2
DA:503,4
DA:504,2
DA:505,4
DA:516,1
DA:518,1
DA:520,1
DA:521,1
DA:523,1
DA:524,2
DA:525,4
DA:526,3
DA:531,2
DA:532,2
DA:533,1
DA:536,1
DA:537,1
DA:538,1
DA:540,1
DA:542,1
DA:543,1
DA:544,1
DA:547,3
DA:548,1
DA:552,2
DA:553,0
DA:554,0
DA:555,0
DA:558,1
DA:559,1
DA:561,1
DA:562,1
DA:563,3
DA:564,1
DA:566,1
DA:568,1
DA:569,2
DA:570,2
DA:571,2
DA:572,1
DA:575,4
DA:577,4
DA:578,1
DA:588,1
DA:589,1
DA:591,2
DA:592,2
DA:593,6
DA:594,6
DA:595,6
DA:598,8
DA:602,0
DA:603,0
DA:605,0
DA:606,0
DA:608,0
DA:609,0
DA:610,0
DA:611,0
DA:621,2
DA:623,2
DA:625,4
DA:626,4
DA:627,4
DA:628,2
DA:630,2
DA:631,2
DA:632,2
DA:634,10
DA:636,6
DA:638,2
DA:640,2
DA:641,8
DA:642,2
DA:646,2
DA:647,0
DA:648,0
DA:650,0
DA:653,0
DA:654,0
DA:655,0
DA:659,2
DA:660,4
DA:661,6
DA:663,2
DA:664,10
DA:665,2
DA:674,1
DA:676,1
DA:678,2
DA:679,2
DA:680,2
DA:681,2
DA:682,1
DA:684,1
DA:685,1
DA:686,1
DA:688,5
DA:690,1
DA:691,1
DA:692,1
DA:693,2
DA:694,1
DA:697,4
DA:699,1
DA:700,2
DA:701,3
DA:702,1
DA:704,3
DA:705,1
DA:718,0
DA:720,0
DA:722,0
DA:723,0
DA:724,0
DA:726,0
DA:727,0
DA:728,0
DA:730,0
DA:732,0
DA:733,0
DA:735,0
DA:738,0
DA:739,0
DA:741,0
DA:744,0
DA:745,0
DA:747,0
DA:750,0
DA:752,0
DA:754,0
DA:758,0
DA:759,0
DA:760,0
DA:762,0
DA:765,0
DA:767,0
DA:770,0
DA:771,0
DA:772,0
DA:775,0
DA:776,0
DA:777,0
DA:779,0
DA:780,0
DA:781,0
DA:783,0
DA:792,0
DA:793,0
DA:794,0
DA:795,0
DA:796,0
DA:799,0
DA:800,0
DA:801,0
DA:802,0
DA:809,0
DA:813,2
DA:815,2
DA:817,2
DA:818,4
DA:819,4
DA:820,2
DA:822,2
DA:823,0
DA:824,0
DA:827,2
DA:830,2
DA:831,2
DA:832,2
DA:833,4
LF:375
LH:288
end_of_record
SF:lib/features/weather/widgets/met_alert_banner.dart
DA:9,0
DA:11,0
DA:13,0
DA:14,0
DA:15,0
DA:16,0
DA:17,0
DA:19,0
DA:20,0
DA:21,0
DA:23,0
DA:24,0
DA:25,0
DA:27,0
DA:28,0
DA:30,0
DA:31,0
DA:32,0
DA:33,0
DA:34,0
DA:40,0
DA:41,0
DA:42,0
DA:43,0
DA:58,0
DA:59,0
DA:61,0
DA:62,0
DA:63,0
DA:64,0
DA:66,0
DA:67,0
DA:68,0
DA:69,0
DA:76,0
DA:77,0
DA:79,0
DA:80,0
DA:84,0
DA:85,0
DA:89,0
DA:90,0
DA:91,0
DA:92,0
DA:101,0
LF:45
LH:0
end_of_record
SF:lib/features/weather/widgets/weather_widgets_internal.dart
DA:14,3
DA:16,3
DA:18,3
DA:19,9
DA:21,6
DA:22,2
DA:23,2
DA:24,2
DA:25,6
DA:26,2
DA:27,2
DA:28,0
DA:38,0
DA:45,0
DA:47,0
DA:48,0
DA:49,0
DA:51,0
DA:52,0
DA:54,0
DA:55,0
DA:56,0
DA:58,0
DA:72,3
DA:79,3
DA:81,12
DA:82,3
DA:84,0
DA:86,12
DA:87,3
DA:89,6
DA:96,1
DA:97,1
DA:98,1
DA:103,0
DA:105,0
DA:106,0
DA:109,0
DA:110,0
DA:117,0
DA:118,0
DA:119,0
DA:125,2
DA:126,2
DA:127,0
DA:137,2
DA:144,2
DA:147,2
DA:148,2
DA:150,2
DA:151,8
DA:153,10
LF:52
LH:30
end_of_record
