SF:lib/data/datastore/sqlite/sqlite_marker_datastore.dart
DA:12,1
DA:13,1
DA:16,0
DA:18,0
DA:19,0
DA:20,0
DA:22,0
DA:25,0
DA:26,0
DA:27,0
DA:28,0
DA:34,1
DA:35,2
DA:41,1
DA:43,2
DA:45,1
DA:50,1
DA:52,2
DA:55,1
DA:58,1
DA:59,2
DA:64,1
DA:66,2
DA:67,5
DA:70,1
DA:72,2
DA:74,1
DA:76,2
DA:80,1
DA:82,2
DA:85,1
LF:31
LH:22
end_of_record
SF:lib/data/model/marker.dart
DA:11,2
DA:17,2
DA:19,2
DA:20,2
DA:21,2
DA:22,4
DA:23,4
DA:24,2
DA:25,2
DA:26,2
DA:30,2
DA:31,2
DA:32,2
DA:33,6
DA:34,2
DA:35,2
DA:36,2
LF:17
LH:17
end_of_record
SF:lib/data/datastore/indexeddb/indexdb.dart
DA:13,1
DA:14,0
DA:16,1
DA:18,1
DA:19,0
DA:22,4
DA:25,1
DA:26,1
DA:27,2
DA:28,1
DA:32,1
DA:34,2
DA:35,1
DA:36,2
DA:37,1
DA:40,1
DA:42,2
DA:43,1
DA:44,1
DA:45,1
DA:46,1
DA:49,1
DA:51,2
DA:52,1
DA:54,1
DA:55,1
DA:57,2
DA:58,1
DA:59,0
DA:61,1
DA:62,1
DA:65,1
DA:67,2
DA:68,1
DA:69,2
DA:70,1
DA:73,1
DA:75,2
DA:76,1
DA:77,1
DA:78,1
LF:41
LH:38
end_of_record
