SF:lib/data/datastore/indexeddb/indexdb.dart
DA:13,1
DA:14,0
DA:16,1
DA:18,1
DA:19,0
DA:22,4
DA:25,1
DA:26,1
DA:27,2
DA:28,1
DA:32,1
DA:34,2
DA:35,1
DA:36,2
DA:37,1
DA:40,1
DA:42,2
DA:43,1
DA:44,1
DA:45,1
DA:46,1
DA:49,1
DA:51,2
DA:52,1
DA:54,1
DA:55,1
DA:57,2
DA:58,1
DA:59,0
DA:61,1
DA:62,1
DA:65,1
DA:67,2
DA:68,1
DA:69,2
DA:70,1
DA:73,1
DA:75,2
DA:76,1
DA:77,1
DA:78,1
LF:41
LH:38
end_of_record
SF:lib/data/model/marker.dart
DA:11,1
DA:17,1
DA:19,1
DA:20,1
DA:21,1
DA:22,2
DA:23,2
DA:24,1
DA:25,1
DA:26,1
DA:30,1
DA:31,1
DA:32,1
DA:33,3
DA:34,1
DA:35,1
DA:36,1
LF:17
LH:17
end_of_record
